[2024-12-10 02:24:08] local.ERROR: syntax error, unexpected end of file {"exception":"[object] (ParseError(code: 0): syntax error, unexpected end of file at C:\\Project1\\K23cnt3HaQuangMinh_project1lablesson07\\hqm-lesson07-db1\\routes\\web.php:21)
[stacktrace]
#0 C:\\Project1\\K23cnt3HaQuangMinh_project1lablesson07\\hqm-lesson07-db1\\vendor\\laravel\\framework\\src\\Illuminate\\Routing\\Router.php(511): Illuminate\\Routing\\RouteFileRegistrar->register('C:\\\\Project1\\\\K23...')
#1 C:\\Project1\\K23cnt3HaQuangMinh_project1lablesson07\\hqm-lesson07-db1\\vendor\\laravel\\framework\\src\\Illuminate\\Routing\\Router.php(465): Illuminate\\Routing\\Router->loadRoutes('C:\\\\Project1\\\\K23...')
#2 C:\\Project1\\K23cnt3HaQuangMinh_project1lablesson07\\hqm-lesson07-db1\\vendor\\laravel\\framework\\src\\Illuminate\\Routing\\RouteRegistrar.php(194): Illuminate\\Routing\\Router->group(Array, 'C:\\\\Project1\\\\K23...')
#3 C:\\Project1\\K23cnt3HaQuangMinh_project1lablesson07\\hqm-lesson07-db1\\app\\Providers\\RouteServiceProvider.php(35): Illuminate\\Routing\\RouteRegistrar->group('C:\\\\Project1\\\\K23...')
#4 C:\\Project1\\K23cnt3HaQuangMinh_project1lablesson07\\hqm-lesson07-db1\\vendor\\laravel\\framework\\src\\Illuminate\\Container\\BoundMethod.php(36): App\\Providers\\RouteServiceProvider->App\\Providers\\{closure}()
#5 C:\\Project1\\K23cnt3HaQuangMinh_project1lablesson07\\hqm-lesson07-db1\\vendor\\laravel\\framework\\src\\Illuminate\\Container\\Util.php(41): Illuminate\\Container\\BoundMethod::Illuminate\\Container\\{closure}()
#6 C:\\Project1\\K23cnt3HaQuangMinh_project1lablesson07\\hqm-lesson07-db1\\vendor\\laravel\\framework\\src\\Illuminate\\Container\\BoundMethod.php(81): Illuminate\\Container\\Util::unwrapIfClosure(Object(Closure))
#7 C:\\Project1\\K23cnt3HaQuangMinh_project1lablesson07\\hqm-lesson07-db1\\vendor\\laravel\\framework\\src\\Illuminate\\Container\\BoundMethod.php(35): Illuminate\\Container\\BoundMethod::callBoundMethod(Object(Illuminate\\Foundation\\Application), Object(Closure), Object(Closure))
#8 C:\\Project1\\K23cnt3HaQuangMinh_project1lablesson07\\hqm-lesson07-db1\\vendor\\laravel\\framework\\src\\Illuminate\\Container\\Container.php(662): Illuminate\\Container\\BoundMethod::call(Object(Illuminate\\Foundation\\Application), Object(Closure), Array, NULL)
#9 C:\\Project1\\K23cnt3HaQuangMinh_project1lablesson07\\hqm-lesson07-db1\\vendor\\laravel\\framework\\src\\Illuminate\\Foundation\\Support\\Providers\\RouteServiceProvider.php(120): Illuminate\\Container\\Container->call(Object(Closure))
#10 C:\\Project1\\K23cnt3HaQuangMinh_project1lablesson07\\hqm-lesson07-db1\\vendor\\laravel\\framework\\src\\Illuminate\\Foundation\\Support\\Providers\\RouteServiceProvider.php(45): Illuminate\\Foundation\\Support\\Providers\\RouteServiceProvider->loadRoutes()
#11 C:\\Project1\\K23cnt3HaQuangMinh_project1lablesson07\\hqm-lesson07-db1\\vendor\\laravel\\framework\\src\\Illuminate\\Container\\BoundMethod.php(36): Illuminate\\Foundation\\Support\\Providers\\RouteServiceProvider->Illuminate\\Foundation\\Support\\Providers\\{closure}()
#12 C:\\Project1\\K23cnt3HaQuangMinh_project1lablesson07\\hqm-lesson07-db1\\vendor\\laravel\\framework\\src\\Illuminate\\Container\\Util.php(41): Illuminate\\Container\\BoundMethod::Illuminate\\Container\\{closure}()
#13 C:\\Project1\\K23cnt3HaQuangMinh_project1lablesson07\\hqm-lesson07-db1\\vendor\\laravel\\framework\\src\\Illuminate\\Container\\BoundMethod.php(81): Illuminate\\Container\\Util::unwrapIfClosure(Object(Closure))
#14 C:\\Project1\\K23cnt3HaQuangMinh_project1lablesson07\\hqm-lesson07-db1\\vendor\\laravel\\framework\\src\\Illuminate\\Container\\BoundMethod.php(35): Illuminate\\Container\\BoundMethod::callBoundMethod(Object(Illuminate\\Foundation\\Application), Object(Closure), Object(Closure))
#15 C:\\Project1\\K23cnt3HaQuangMinh_project1lablesson07\\hqm-lesson07-db1\\vendor\\laravel\\framework\\src\\Illuminate\\Container\\Container.php(662): Illuminate\\Container\\BoundMethod::call(Object(Illuminate\\Foundation\\Application), Object(Closure), Array, NULL)
#16 C:\\Project1\\K23cnt3HaQuangMinh_project1lablesson07\\hqm-lesson07-db1\\vendor\\laravel\\framework\\src\\Illuminate\\Support\\ServiceProvider.php(119): Illuminate\\Container\\Container->call(Object(Closure))
#17 C:\\Project1\\K23cnt3HaQuangMinh_project1lablesson07\\hqm-lesson07-db1\\vendor\\laravel\\framework\\src\\Illuminate\\Foundation\\Application.php(1039): Illuminate\\Support\\ServiceProvider->callBootedCallbacks()
#18 C:\\Project1\\K23cnt3HaQuangMinh_project1lablesson07\\hqm-lesson07-db1\\vendor\\laravel\\framework\\src\\Illuminate\\Foundation\\Application.php(1017): Illuminate\\Foundation\\Application->bootProvider(Object(App\\Providers\\RouteServiceProvider))
#19 [internal function]: Illuminate\\Foundation\\Application->Illuminate\\Foundation\\{closure}(Object(App\\Providers\\RouteServiceProvider), 23)
#20 C:\\Project1\\K23cnt3HaQuangMinh_project1lablesson07\\hqm-lesson07-db1\\vendor\\laravel\\framework\\src\\Illuminate\\Foundation\\Application.php(1016): array_walk(Array, Object(Closure))
#21 C:\\Project1\\K23cnt3HaQuangMinh_project1lablesson07\\hqm-lesson07-db1\\vendor\\laravel\\framework\\src\\Illuminate\\Foundation\\Bootstrap\\BootProviders.php(17): Illuminate\\Foundation\\Application->boot()
#22 C:\\Project1\\K23cnt3HaQuangMinh_project1lablesson07\\hqm-lesson07-db1\\vendor\\laravel\\framework\\src\\Illuminate\\Foundation\\Application.php(263): Illuminate\\Foundation\\Bootstrap\\BootProviders->bootstrap(Object(Illuminate\\Foundation\\Application))
#23 C:\\Project1\\K23cnt3HaQuangMinh_project1lablesson07\\hqm-lesson07-db1\\vendor\\laravel\\framework\\src\\Illuminate\\Foundation\\Http\\Kernel.php(186): Illuminate\\Foundation\\Application->bootstrapWith(Array)
#24 C:\\Project1\\K23cnt3HaQuangMinh_project1lablesson07\\hqm-lesson07-db1\\vendor\\laravel\\framework\\src\\Illuminate\\Foundation\\Http\\Kernel.php(170): Illuminate\\Foundation\\Http\\Kernel->bootstrap()
#25 C:\\Project1\\K23cnt3HaQuangMinh_project1lablesson07\\hqm-lesson07-db1\\vendor\\laravel\\framework\\src\\Illuminate\\Foundation\\Http\\Kernel.php(144): Illuminate\\Foundation\\Http\\Kernel->sendRequestThroughRouter(Object(Illuminate\\Http\\Request))
#26 C:\\Project1\\K23cnt3HaQuangMinh_project1lablesson07\\hqm-lesson07-db1\\public\\index.php(51): Illuminate\\Foundation\\Http\\Kernel->handle(Object(Illuminate\\Http\\Request))
#27 C:\\Project1\\K23cnt3HaQuangMinh_project1lablesson07\\hqm-lesson07-db1\\vendor\\laravel\\framework\\src\\Illuminate\\Foundation\\resources\\server.php(16): require_once('C:\\\\Project1\\\\K23...')
#28 {main}
"} 
[2024-12-10 02:24:28] local.ERROR: Undefined constant "hqmKhoa" {"exception":"[object] (Error(code: 0): Undefined constant \"hqmKhoa\" at C:\\Project1\\K23cnt3HaQuangMinh_project1lablesson07\\hqm-lesson07-db1\\routes\\web.php:20)
[stacktrace]
#0 C:\\Project1\\K23cnt3HaQuangMinh_project1lablesson07\\hqm-lesson07-db1\\vendor\\laravel\\framework\\src\\Illuminate\\Routing\\RouteFileRegistrar.php(35): require()
#1 C:\\Project1\\K23cnt3HaQuangMinh_project1lablesson07\\hqm-lesson07-db1\\vendor\\laravel\\framework\\src\\Illuminate\\Routing\\Router.php(511): Illuminate\\Routing\\RouteFileRegistrar->register('C:\\\\Project1\\\\K23...')
#2 C:\\Project1\\K23cnt3HaQuangMinh_project1lablesson07\\hqm-lesson07-db1\\vendor\\laravel\\framework\\src\\Illuminate\\Routing\\Router.php(465): Illuminate\\Routing\\Router->loadRoutes('C:\\\\Project1\\\\K23...')
#3 C:\\Project1\\K23cnt3HaQuangMinh_project1lablesson07\\hqm-lesson07-db1\\vendor\\laravel\\framework\\src\\Illuminate\\Routing\\RouteRegistrar.php(194): Illuminate\\Routing\\Router->group(Array, 'C:\\\\Project1\\\\K23...')
#4 C:\\Project1\\K23cnt3HaQuangMinh_project1lablesson07\\hqm-lesson07-db1\\app\\Providers\\RouteServiceProvider.php(35): Illuminate\\Routing\\RouteRegistrar->group('C:\\\\Project1\\\\K23...')
#5 C:\\Project1\\K23cnt3HaQuangMinh_project1lablesson07\\hqm-lesson07-db1\\vendor\\laravel\\framework\\src\\Illuminate\\Container\\BoundMethod.php(36): App\\Providers\\RouteServiceProvider->App\\Providers\\{closure}()
#6 C:\\Project1\\K23cnt3HaQuangMinh_project1lablesson07\\hqm-lesson07-db1\\vendor\\laravel\\framework\\src\\Illuminate\\Container\\Util.php(41): Illuminate\\Container\\BoundMethod::Illuminate\\Container\\{closure}()
#7 C:\\Project1\\K23cnt3HaQuangMinh_project1lablesson07\\hqm-lesson07-db1\\vendor\\laravel\\framework\\src\\Illuminate\\Container\\BoundMethod.php(81): Illuminate\\Container\\Util::unwrapIfClosure(Object(Closure))
#8 C:\\Project1\\K23cnt3HaQuangMinh_project1lablesson07\\hqm-lesson07-db1\\vendor\\laravel\\framework\\src\\Illuminate\\Container\\BoundMethod.php(35): Illuminate\\Container\\BoundMethod::callBoundMethod(Object(Illuminate\\Foundation\\Application), Object(Closure), Object(Closure))
#9 C:\\Project1\\K23cnt3HaQuangMinh_project1lablesson07\\hqm-lesson07-db1\\vendor\\laravel\\framework\\src\\Illuminate\\Container\\Container.php(662): Illuminate\\Container\\BoundMethod::call(Object(Illuminate\\Foundation\\Application), Object(Closure), Array, NULL)
#10 C:\\Project1\\K23cnt3HaQuangMinh_project1lablesson07\\hqm-lesson07-db1\\vendor\\laravel\\framework\\src\\Illuminate\\Foundation\\Support\\Providers\\RouteServiceProvider.php(120): Illuminate\\Container\\Container->call(Object(Closure))
#11 C:\\Project1\\K23cnt3HaQuangMinh_project1lablesson07\\hqm-lesson07-db1\\vendor\\laravel\\framework\\src\\Illuminate\\Foundation\\Support\\Providers\\RouteServiceProvider.php(45): Illuminate\\Foundation\\Support\\Providers\\RouteServiceProvider->loadRoutes()
#12 C:\\Project1\\K23cnt3HaQuangMinh_project1lablesson07\\hqm-lesson07-db1\\vendor\\laravel\\framework\\src\\Illuminate\\Container\\BoundMethod.php(36): Illuminate\\Foundation\\Support\\Providers\\RouteServiceProvider->Illuminate\\Foundation\\Support\\Providers\\{closure}()
#13 C:\\Project1\\K23cnt3HaQuangMinh_project1lablesson07\\hqm-lesson07-db1\\vendor\\laravel\\framework\\src\\Illuminate\\Container\\Util.php(41): Illuminate\\Container\\BoundMethod::Illuminate\\Container\\{closure}()
#14 C:\\Project1\\K23cnt3HaQuangMinh_project1lablesson07\\hqm-lesson07-db1\\vendor\\laravel\\framework\\src\\Illuminate\\Container\\BoundMethod.php(81): Illuminate\\Container\\Util::unwrapIfClosure(Object(Closure))
#15 C:\\Project1\\K23cnt3HaQuangMinh_project1lablesson07\\hqm-lesson07-db1\\vendor\\laravel\\framework\\src\\Illuminate\\Container\\BoundMethod.php(35): Illuminate\\Container\\BoundMethod::callBoundMethod(Object(Illuminate\\Foundation\\Application), Object(Closure), Object(Closure))
#16 C:\\Project1\\K23cnt3HaQuangMinh_project1lablesson07\\hqm-lesson07-db1\\vendor\\laravel\\framework\\src\\Illuminate\\Container\\Container.php(662): Illuminate\\Container\\BoundMethod::call(Object(Illuminate\\Foundation\\Application), Object(Closure), Array, NULL)
#17 C:\\Project1\\K23cnt3HaQuangMinh_project1lablesson07\\hqm-lesson07-db1\\vendor\\laravel\\framework\\src\\Illuminate\\Support\\ServiceProvider.php(119): Illuminate\\Container\\Container->call(Object(Closure))
#18 C:\\Project1\\K23cnt3HaQuangMinh_project1lablesson07\\hqm-lesson07-db1\\vendor\\laravel\\framework\\src\\Illuminate\\Foundation\\Application.php(1039): Illuminate\\Support\\ServiceProvider->callBootedCallbacks()
#19 C:\\Project1\\K23cnt3HaQuangMinh_project1lablesson07\\hqm-lesson07-db1\\vendor\\laravel\\framework\\src\\Illuminate\\Foundation\\Application.php(1017): Illuminate\\Foundation\\Application->bootProvider(Object(App\\Providers\\RouteServiceProvider))
#20 [internal function]: Illuminate\\Foundation\\Application->Illuminate\\Foundation\\{closure}(Object(App\\Providers\\RouteServiceProvider), 23)
#21 C:\\Project1\\K23cnt3HaQuangMinh_project1lablesson07\\hqm-lesson07-db1\\vendor\\laravel\\framework\\src\\Illuminate\\Foundation\\Application.php(1016): array_walk(Array, Object(Closure))
#22 C:\\Project1\\K23cnt3HaQuangMinh_project1lablesson07\\hqm-lesson07-db1\\vendor\\laravel\\framework\\src\\Illuminate\\Foundation\\Bootstrap\\BootProviders.php(17): Illuminate\\Foundation\\Application->boot()
#23 C:\\Project1\\K23cnt3HaQuangMinh_project1lablesson07\\hqm-lesson07-db1\\vendor\\laravel\\framework\\src\\Illuminate\\Foundation\\Application.php(263): Illuminate\\Foundation\\Bootstrap\\BootProviders->bootstrap(Object(Illuminate\\Foundation\\Application))
#24 C:\\Project1\\K23cnt3HaQuangMinh_project1lablesson07\\hqm-lesson07-db1\\vendor\\laravel\\framework\\src\\Illuminate\\Foundation\\Http\\Kernel.php(186): Illuminate\\Foundation\\Application->bootstrapWith(Array)
#25 C:\\Project1\\K23cnt3HaQuangMinh_project1lablesson07\\hqm-lesson07-db1\\vendor\\laravel\\framework\\src\\Illuminate\\Foundation\\Http\\Kernel.php(170): Illuminate\\Foundation\\Http\\Kernel->bootstrap()
#26 C:\\Project1\\K23cnt3HaQuangMinh_project1lablesson07\\hqm-lesson07-db1\\vendor\\laravel\\framework\\src\\Illuminate\\Foundation\\Http\\Kernel.php(144): Illuminate\\Foundation\\Http\\Kernel->sendRequestThroughRouter(Object(Illuminate\\Http\\Request))
#27 C:\\Project1\\K23cnt3HaQuangMinh_project1lablesson07\\hqm-lesson07-db1\\public\\index.php(51): Illuminate\\Foundation\\Http\\Kernel->handle(Object(Illuminate\\Http\\Request))
#28 C:\\Project1\\K23cnt3HaQuangMinh_project1lablesson07\\hqm-lesson07-db1\\vendor\\laravel\\framework\\src\\Illuminate\\Foundation\\resources\\server.php(16): require_once('C:\\\\Project1\\\\K23...')
#29 {main}
"} 
[2024-12-10 02:27:32] local.ERROR: Undefined constant "hqmKhoa" {"exception":"[object] (Error(code: 0): Undefined constant \"hqmKhoa\" at C:\\Project1\\K23cnt3HaQuangMinh_project1lablesson07\\hqm-lesson07-db1\\routes\\web.php:21)
[stacktrace]
#0 C:\\Project1\\K23cnt3HaQuangMinh_project1lablesson07\\hqm-lesson07-db1\\vendor\\laravel\\framework\\src\\Illuminate\\Routing\\RouteFileRegistrar.php(35): require()
#1 C:\\Project1\\K23cnt3HaQuangMinh_project1lablesson07\\hqm-lesson07-db1\\vendor\\laravel\\framework\\src\\Illuminate\\Routing\\Router.php(511): Illuminate\\Routing\\RouteFileRegistrar->register('C:\\\\Project1\\\\K23...')
#2 C:\\Project1\\K23cnt3HaQuangMinh_project1lablesson07\\hqm-lesson07-db1\\vendor\\laravel\\framework\\src\\Illuminate\\Routing\\Router.php(465): Illuminate\\Routing\\Router->loadRoutes('C:\\\\Project1\\\\K23...')
#3 C:\\Project1\\K23cnt3HaQuangMinh_project1lablesson07\\hqm-lesson07-db1\\vendor\\laravel\\framework\\src\\Illuminate\\Routing\\RouteRegistrar.php(194): Illuminate\\Routing\\Router->group(Array, 'C:\\\\Project1\\\\K23...')
#4 C:\\Project1\\K23cnt3HaQuangMinh_project1lablesson07\\hqm-lesson07-db1\\app\\Providers\\RouteServiceProvider.php(35): Illuminate\\Routing\\RouteRegistrar->group('C:\\\\Project1\\\\K23...')
#5 C:\\Project1\\K23cnt3HaQuangMinh_project1lablesson07\\hqm-lesson07-db1\\vendor\\laravel\\framework\\src\\Illuminate\\Container\\BoundMethod.php(36): App\\Providers\\RouteServiceProvider->App\\Providers\\{closure}()
#6 C:\\Project1\\K23cnt3HaQuangMinh_project1lablesson07\\hqm-lesson07-db1\\vendor\\laravel\\framework\\src\\Illuminate\\Container\\Util.php(41): Illuminate\\Container\\BoundMethod::Illuminate\\Container\\{closure}()
#7 C:\\Project1\\K23cnt3HaQuangMinh_project1lablesson07\\hqm-lesson07-db1\\vendor\\laravel\\framework\\src\\Illuminate\\Container\\BoundMethod.php(81): Illuminate\\Container\\Util::unwrapIfClosure(Object(Closure))
#8 C:\\Project1\\K23cnt3HaQuangMinh_project1lablesson07\\hqm-lesson07-db1\\vendor\\laravel\\framework\\src\\Illuminate\\Container\\BoundMethod.php(35): Illuminate\\Container\\BoundMethod::callBoundMethod(Object(Illuminate\\Foundation\\Application), Object(Closure), Object(Closure))
#9 C:\\Project1\\K23cnt3HaQuangMinh_project1lablesson07\\hqm-lesson07-db1\\vendor\\laravel\\framework\\src\\Illuminate\\Container\\Container.php(662): Illuminate\\Container\\BoundMethod::call(Object(Illuminate\\Foundation\\Application), Object(Closure), Array, NULL)
#10 C:\\Project1\\K23cnt3HaQuangMinh_project1lablesson07\\hqm-lesson07-db1\\vendor\\laravel\\framework\\src\\Illuminate\\Foundation\\Support\\Providers\\RouteServiceProvider.php(120): Illuminate\\Container\\Container->call(Object(Closure))
#11 C:\\Project1\\K23cnt3HaQuangMinh_project1lablesson07\\hqm-lesson07-db1\\vendor\\laravel\\framework\\src\\Illuminate\\Foundation\\Support\\Providers\\RouteServiceProvider.php(45): Illuminate\\Foundation\\Support\\Providers\\RouteServiceProvider->loadRoutes()
#12 C:\\Project1\\K23cnt3HaQuangMinh_project1lablesson07\\hqm-lesson07-db1\\vendor\\laravel\\framework\\src\\Illuminate\\Container\\BoundMethod.php(36): Illuminate\\Foundation\\Support\\Providers\\RouteServiceProvider->Illuminate\\Foundation\\Support\\Providers\\{closure}()
#13 C:\\Project1\\K23cnt3HaQuangMinh_project1lablesson07\\hqm-lesson07-db1\\vendor\\laravel\\framework\\src\\Illuminate\\Container\\Util.php(41): Illuminate\\Container\\BoundMethod::Illuminate\\Container\\{closure}()
#14 C:\\Project1\\K23cnt3HaQuangMinh_project1lablesson07\\hqm-lesson07-db1\\vendor\\laravel\\framework\\src\\Illuminate\\Container\\BoundMethod.php(81): Illuminate\\Container\\Util::unwrapIfClosure(Object(Closure))
#15 C:\\Project1\\K23cnt3HaQuangMinh_project1lablesson07\\hqm-lesson07-db1\\vendor\\laravel\\framework\\src\\Illuminate\\Container\\BoundMethod.php(35): Illuminate\\Container\\BoundMethod::callBoundMethod(Object(Illuminate\\Foundation\\Application), Object(Closure), Object(Closure))
#16 C:\\Project1\\K23cnt3HaQuangMinh_project1lablesson07\\hqm-lesson07-db1\\vendor\\laravel\\framework\\src\\Illuminate\\Container\\Container.php(662): Illuminate\\Container\\BoundMethod::call(Object(Illuminate\\Foundation\\Application), Object(Closure), Array, NULL)
#17 C:\\Project1\\K23cnt3HaQuangMinh_project1lablesson07\\hqm-lesson07-db1\\vendor\\laravel\\framework\\src\\Illuminate\\Support\\ServiceProvider.php(119): Illuminate\\Container\\Container->call(Object(Closure))
#18 C:\\Project1\\K23cnt3HaQuangMinh_project1lablesson07\\hqm-lesson07-db1\\vendor\\laravel\\framework\\src\\Illuminate\\Foundation\\Application.php(1039): Illuminate\\Support\\ServiceProvider->callBootedCallbacks()
#19 C:\\Project1\\K23cnt3HaQuangMinh_project1lablesson07\\hqm-lesson07-db1\\vendor\\laravel\\framework\\src\\Illuminate\\Foundation\\Application.php(1017): Illuminate\\Foundation\\Application->bootProvider(Object(App\\Providers\\RouteServiceProvider))
#20 [internal function]: Illuminate\\Foundation\\Application->Illuminate\\Foundation\\{closure}(Object(App\\Providers\\RouteServiceProvider), 23)
#21 C:\\Project1\\K23cnt3HaQuangMinh_project1lablesson07\\hqm-lesson07-db1\\vendor\\laravel\\framework\\src\\Illuminate\\Foundation\\Application.php(1016): array_walk(Array, Object(Closure))
#22 C:\\Project1\\K23cnt3HaQuangMinh_project1lablesson07\\hqm-lesson07-db1\\vendor\\laravel\\framework\\src\\Illuminate\\Foundation\\Bootstrap\\BootProviders.php(17): Illuminate\\Foundation\\Application->boot()
#23 C:\\Project1\\K23cnt3HaQuangMinh_project1lablesson07\\hqm-lesson07-db1\\vendor\\laravel\\framework\\src\\Illuminate\\Foundation\\Application.php(263): Illuminate\\Foundation\\Bootstrap\\BootProviders->bootstrap(Object(Illuminate\\Foundation\\Application))
#24 C:\\Project1\\K23cnt3HaQuangMinh_project1lablesson07\\hqm-lesson07-db1\\vendor\\laravel\\framework\\src\\Illuminate\\Foundation\\Http\\Kernel.php(186): Illuminate\\Foundation\\Application->bootstrapWith(Array)
#25 C:\\Project1\\K23cnt3HaQuangMinh_project1lablesson07\\hqm-lesson07-db1\\vendor\\laravel\\framework\\src\\Illuminate\\Foundation\\Http\\Kernel.php(170): Illuminate\\Foundation\\Http\\Kernel->bootstrap()
#26 C:\\Project1\\K23cnt3HaQuangMinh_project1lablesson07\\hqm-lesson07-db1\\vendor\\laravel\\framework\\src\\Illuminate\\Foundation\\Http\\Kernel.php(144): Illuminate\\Foundation\\Http\\Kernel->sendRequestThroughRouter(Object(Illuminate\\Http\\Request))
#27 C:\\Project1\\K23cnt3HaQuangMinh_project1lablesson07\\hqm-lesson07-db1\\public\\index.php(51): Illuminate\\Foundation\\Http\\Kernel->handle(Object(Illuminate\\Http\\Request))
#28 C:\\Project1\\K23cnt3HaQuangMinh_project1lablesson07\\hqm-lesson07-db1\\vendor\\laravel\\framework\\src\\Illuminate\\Foundation\\resources\\server.php(16): require_once('C:\\\\Project1\\\\K23...')
#29 {main}
"} 
[2024-12-10 02:28:43] local.ERROR: Undefined constant "hqmKhoa" {"exception":"[object] (Error(code: 0): Undefined constant \"hqmKhoa\" at C:\\Project1\\K23cnt3HaQuangMinh_project1lablesson07\\hqm-lesson07-db1\\routes\\web.php:21)
[stacktrace]
#0 C:\\Project1\\K23cnt3HaQuangMinh_project1lablesson07\\hqm-lesson07-db1\\vendor\\laravel\\framework\\src\\Illuminate\\Routing\\RouteFileRegistrar.php(35): require()
#1 C:\\Project1\\K23cnt3HaQuangMinh_project1lablesson07\\hqm-lesson07-db1\\vendor\\laravel\\framework\\src\\Illuminate\\Routing\\Router.php(511): Illuminate\\Routing\\RouteFileRegistrar->register('C:\\\\Project1\\\\K23...')
#2 C:\\Project1\\K23cnt3HaQuangMinh_project1lablesson07\\hqm-lesson07-db1\\vendor\\laravel\\framework\\src\\Illuminate\\Routing\\Router.php(465): Illuminate\\Routing\\Router->loadRoutes('C:\\\\Project1\\\\K23...')
#3 C:\\Project1\\K23cnt3HaQuangMinh_project1lablesson07\\hqm-lesson07-db1\\vendor\\laravel\\framework\\src\\Illuminate\\Routing\\RouteRegistrar.php(194): Illuminate\\Routing\\Router->group(Array, 'C:\\\\Project1\\\\K23...')
#4 C:\\Project1\\K23cnt3HaQuangMinh_project1lablesson07\\hqm-lesson07-db1\\app\\Providers\\RouteServiceProvider.php(35): Illuminate\\Routing\\RouteRegistrar->group('C:\\\\Project1\\\\K23...')
#5 C:\\Project1\\K23cnt3HaQuangMinh_project1lablesson07\\hqm-lesson07-db1\\vendor\\laravel\\framework\\src\\Illuminate\\Container\\BoundMethod.php(36): App\\Providers\\RouteServiceProvider->App\\Providers\\{closure}()
#6 C:\\Project1\\K23cnt3HaQuangMinh_project1lablesson07\\hqm-lesson07-db1\\vendor\\laravel\\framework\\src\\Illuminate\\Container\\Util.php(41): Illuminate\\Container\\BoundMethod::Illuminate\\Container\\{closure}()
#7 C:\\Project1\\K23cnt3HaQuangMinh_project1lablesson07\\hqm-lesson07-db1\\vendor\\laravel\\framework\\src\\Illuminate\\Container\\BoundMethod.php(81): Illuminate\\Container\\Util::unwrapIfClosure(Object(Closure))
#8 C:\\Project1\\K23cnt3HaQuangMinh_project1lablesson07\\hqm-lesson07-db1\\vendor\\laravel\\framework\\src\\Illuminate\\Container\\BoundMethod.php(35): Illuminate\\Container\\BoundMethod::callBoundMethod(Object(Illuminate\\Foundation\\Application), Object(Closure), Object(Closure))
#9 C:\\Project1\\K23cnt3HaQuangMinh_project1lablesson07\\hqm-lesson07-db1\\vendor\\laravel\\framework\\src\\Illuminate\\Container\\Container.php(662): Illuminate\\Container\\BoundMethod::call(Object(Illuminate\\Foundation\\Application), Object(Closure), Array, NULL)
#10 C:\\Project1\\K23cnt3HaQuangMinh_project1lablesson07\\hqm-lesson07-db1\\vendor\\laravel\\framework\\src\\Illuminate\\Foundation\\Support\\Providers\\RouteServiceProvider.php(120): Illuminate\\Container\\Container->call(Object(Closure))
#11 C:\\Project1\\K23cnt3HaQuangMinh_project1lablesson07\\hqm-lesson07-db1\\vendor\\laravel\\framework\\src\\Illuminate\\Foundation\\Support\\Providers\\RouteServiceProvider.php(45): Illuminate\\Foundation\\Support\\Providers\\RouteServiceProvider->loadRoutes()
#12 C:\\Project1\\K23cnt3HaQuangMinh_project1lablesson07\\hqm-lesson07-db1\\vendor\\laravel\\framework\\src\\Illuminate\\Container\\BoundMethod.php(36): Illuminate\\Foundation\\Support\\Providers\\RouteServiceProvider->Illuminate\\Foundation\\Support\\Providers\\{closure}()
#13 C:\\Project1\\K23cnt3HaQuangMinh_project1lablesson07\\hqm-lesson07-db1\\vendor\\laravel\\framework\\src\\Illuminate\\Container\\Util.php(41): Illuminate\\Container\\BoundMethod::Illuminate\\Container\\{closure}()
#14 C:\\Project1\\K23cnt3HaQuangMinh_project1lablesson07\\hqm-lesson07-db1\\vendor\\laravel\\framework\\src\\Illuminate\\Container\\BoundMethod.php(81): Illuminate\\Container\\Util::unwrapIfClosure(Object(Closure))
#15 C:\\Project1\\K23cnt3HaQuangMinh_project1lablesson07\\hqm-lesson07-db1\\vendor\\laravel\\framework\\src\\Illuminate\\Container\\BoundMethod.php(35): Illuminate\\Container\\BoundMethod::callBoundMethod(Object(Illuminate\\Foundation\\Application), Object(Closure), Object(Closure))
#16 C:\\Project1\\K23cnt3HaQuangMinh_project1lablesson07\\hqm-lesson07-db1\\vendor\\laravel\\framework\\src\\Illuminate\\Container\\Container.php(662): Illuminate\\Container\\BoundMethod::call(Object(Illuminate\\Foundation\\Application), Object(Closure), Array, NULL)
#17 C:\\Project1\\K23cnt3HaQuangMinh_project1lablesson07\\hqm-lesson07-db1\\vendor\\laravel\\framework\\src\\Illuminate\\Support\\ServiceProvider.php(119): Illuminate\\Container\\Container->call(Object(Closure))
#18 C:\\Project1\\K23cnt3HaQuangMinh_project1lablesson07\\hqm-lesson07-db1\\vendor\\laravel\\framework\\src\\Illuminate\\Foundation\\Application.php(1039): Illuminate\\Support\\ServiceProvider->callBootedCallbacks()
#19 C:\\Project1\\K23cnt3HaQuangMinh_project1lablesson07\\hqm-lesson07-db1\\vendor\\laravel\\framework\\src\\Illuminate\\Foundation\\Application.php(1017): Illuminate\\Foundation\\Application->bootProvider(Object(App\\Providers\\RouteServiceProvider))
#20 [internal function]: Illuminate\\Foundation\\Application->Illuminate\\Foundation\\{closure}(Object(App\\Providers\\RouteServiceProvider), 23)
#21 C:\\Project1\\K23cnt3HaQuangMinh_project1lablesson07\\hqm-lesson07-db1\\vendor\\laravel\\framework\\src\\Illuminate\\Foundation\\Application.php(1016): array_walk(Array, Object(Closure))
#22 C:\\Project1\\K23cnt3HaQuangMinh_project1lablesson07\\hqm-lesson07-db1\\vendor\\laravel\\framework\\src\\Illuminate\\Foundation\\Bootstrap\\BootProviders.php(17): Illuminate\\Foundation\\Application->boot()
#23 C:\\Project1\\K23cnt3HaQuangMinh_project1lablesson07\\hqm-lesson07-db1\\vendor\\laravel\\framework\\src\\Illuminate\\Foundation\\Application.php(263): Illuminate\\Foundation\\Bootstrap\\BootProviders->bootstrap(Object(Illuminate\\Foundation\\Application))
#24 C:\\Project1\\K23cnt3HaQuangMinh_project1lablesson07\\hqm-lesson07-db1\\vendor\\laravel\\framework\\src\\Illuminate\\Foundation\\Http\\Kernel.php(186): Illuminate\\Foundation\\Application->bootstrapWith(Array)
#25 C:\\Project1\\K23cnt3HaQuangMinh_project1lablesson07\\hqm-lesson07-db1\\vendor\\laravel\\framework\\src\\Illuminate\\Foundation\\Http\\Kernel.php(170): Illuminate\\Foundation\\Http\\Kernel->bootstrap()
#26 C:\\Project1\\K23cnt3HaQuangMinh_project1lablesson07\\hqm-lesson07-db1\\vendor\\laravel\\framework\\src\\Illuminate\\Foundation\\Http\\Kernel.php(144): Illuminate\\Foundation\\Http\\Kernel->sendRequestThroughRouter(Object(Illuminate\\Http\\Request))
#27 C:\\Project1\\K23cnt3HaQuangMinh_project1lablesson07\\hqm-lesson07-db1\\public\\index.php(51): Illuminate\\Foundation\\Http\\Kernel->handle(Object(Illuminate\\Http\\Request))
#28 C:\\Project1\\K23cnt3HaQuangMinh_project1lablesson07\\hqm-lesson07-db1\\vendor\\laravel\\framework\\src\\Illuminate\\Foundation\\resources\\server.php(16): require_once('C:\\\\Project1\\\\K23...')
#29 {main}
"} 
[2024-12-10 02:30:13] local.ERROR: Undefined constant "hqmKhoa" {"exception":"[object] (Error(code: 0): Undefined constant \"hqmKhoa\" at C:\\Project1\\K23cnt3HaQuangMinh_project1lablesson07\\hqm-lesson07-db1\\routes\\web.php:21)
[stacktrace]
#0 C:\\Project1\\K23cnt3HaQuangMinh_project1lablesson07\\hqm-lesson07-db1\\vendor\\laravel\\framework\\src\\Illuminate\\Routing\\RouteFileRegistrar.php(35): require()
#1 C:\\Project1\\K23cnt3HaQuangMinh_project1lablesson07\\hqm-lesson07-db1\\vendor\\laravel\\framework\\src\\Illuminate\\Routing\\Router.php(511): Illuminate\\Routing\\RouteFileRegistrar->register('C:\\\\Project1\\\\K23...')
#2 C:\\Project1\\K23cnt3HaQuangMinh_project1lablesson07\\hqm-lesson07-db1\\vendor\\laravel\\framework\\src\\Illuminate\\Routing\\Router.php(465): Illuminate\\Routing\\Router->loadRoutes('C:\\\\Project1\\\\K23...')
#3 C:\\Project1\\K23cnt3HaQuangMinh_project1lablesson07\\hqm-lesson07-db1\\vendor\\laravel\\framework\\src\\Illuminate\\Routing\\RouteRegistrar.php(194): Illuminate\\Routing\\Router->group(Array, 'C:\\\\Project1\\\\K23...')
#4 C:\\Project1\\K23cnt3HaQuangMinh_project1lablesson07\\hqm-lesson07-db1\\app\\Providers\\RouteServiceProvider.php(35): Illuminate\\Routing\\RouteRegistrar->group('C:\\\\Project1\\\\K23...')
#5 C:\\Project1\\K23cnt3HaQuangMinh_project1lablesson07\\hqm-lesson07-db1\\vendor\\laravel\\framework\\src\\Illuminate\\Container\\BoundMethod.php(36): App\\Providers\\RouteServiceProvider->App\\Providers\\{closure}()
#6 C:\\Project1\\K23cnt3HaQuangMinh_project1lablesson07\\hqm-lesson07-db1\\vendor\\laravel\\framework\\src\\Illuminate\\Container\\Util.php(41): Illuminate\\Container\\BoundMethod::Illuminate\\Container\\{closure}()
#7 C:\\Project1\\K23cnt3HaQuangMinh_project1lablesson07\\hqm-lesson07-db1\\vendor\\laravel\\framework\\src\\Illuminate\\Container\\BoundMethod.php(81): Illuminate\\Container\\Util::unwrapIfClosure(Object(Closure))
#8 C:\\Project1\\K23cnt3HaQuangMinh_project1lablesson07\\hqm-lesson07-db1\\vendor\\laravel\\framework\\src\\Illuminate\\Container\\BoundMethod.php(35): Illuminate\\Container\\BoundMethod::callBoundMethod(Object(Illuminate\\Foundation\\Application), Object(Closure), Object(Closure))
#9 C:\\Project1\\K23cnt3HaQuangMinh_project1lablesson07\\hqm-lesson07-db1\\vendor\\laravel\\framework\\src\\Illuminate\\Container\\Container.php(662): Illuminate\\Container\\BoundMethod::call(Object(Illuminate\\Foundation\\Application), Object(Closure), Array, NULL)
#10 C:\\Project1\\K23cnt3HaQuangMinh_project1lablesson07\\hqm-lesson07-db1\\vendor\\laravel\\framework\\src\\Illuminate\\Foundation\\Support\\Providers\\RouteServiceProvider.php(120): Illuminate\\Container\\Container->call(Object(Closure))
#11 C:\\Project1\\K23cnt3HaQuangMinh_project1lablesson07\\hqm-lesson07-db1\\vendor\\laravel\\framework\\src\\Illuminate\\Foundation\\Support\\Providers\\RouteServiceProvider.php(45): Illuminate\\Foundation\\Support\\Providers\\RouteServiceProvider->loadRoutes()
#12 C:\\Project1\\K23cnt3HaQuangMinh_project1lablesson07\\hqm-lesson07-db1\\vendor\\laravel\\framework\\src\\Illuminate\\Container\\BoundMethod.php(36): Illuminate\\Foundation\\Support\\Providers\\RouteServiceProvider->Illuminate\\Foundation\\Support\\Providers\\{closure}()
#13 C:\\Project1\\K23cnt3HaQuangMinh_project1lablesson07\\hqm-lesson07-db1\\vendor\\laravel\\framework\\src\\Illuminate\\Container\\Util.php(41): Illuminate\\Container\\BoundMethod::Illuminate\\Container\\{closure}()
#14 C:\\Project1\\K23cnt3HaQuangMinh_project1lablesson07\\hqm-lesson07-db1\\vendor\\laravel\\framework\\src\\Illuminate\\Container\\BoundMethod.php(81): Illuminate\\Container\\Util::unwrapIfClosure(Object(Closure))
#15 C:\\Project1\\K23cnt3HaQuangMinh_project1lablesson07\\hqm-lesson07-db1\\vendor\\laravel\\framework\\src\\Illuminate\\Container\\BoundMethod.php(35): Illuminate\\Container\\BoundMethod::callBoundMethod(Object(Illuminate\\Foundation\\Application), Object(Closure), Object(Closure))
#16 C:\\Project1\\K23cnt3HaQuangMinh_project1lablesson07\\hqm-lesson07-db1\\vendor\\laravel\\framework\\src\\Illuminate\\Container\\Container.php(662): Illuminate\\Container\\BoundMethod::call(Object(Illuminate\\Foundation\\Application), Object(Closure), Array, NULL)
#17 C:\\Project1\\K23cnt3HaQuangMinh_project1lablesson07\\hqm-lesson07-db1\\vendor\\laravel\\framework\\src\\Illuminate\\Support\\ServiceProvider.php(119): Illuminate\\Container\\Container->call(Object(Closure))
#18 C:\\Project1\\K23cnt3HaQuangMinh_project1lablesson07\\hqm-lesson07-db1\\vendor\\laravel\\framework\\src\\Illuminate\\Foundation\\Application.php(1039): Illuminate\\Support\\ServiceProvider->callBootedCallbacks()
#19 C:\\Project1\\K23cnt3HaQuangMinh_project1lablesson07\\hqm-lesson07-db1\\vendor\\laravel\\framework\\src\\Illuminate\\Foundation\\Application.php(1017): Illuminate\\Foundation\\Application->bootProvider(Object(App\\Providers\\RouteServiceProvider))
#20 [internal function]: Illuminate\\Foundation\\Application->Illuminate\\Foundation\\{closure}(Object(App\\Providers\\RouteServiceProvider), 23)
#21 C:\\Project1\\K23cnt3HaQuangMinh_project1lablesson07\\hqm-lesson07-db1\\vendor\\laravel\\framework\\src\\Illuminate\\Foundation\\Application.php(1016): array_walk(Array, Object(Closure))
#22 C:\\Project1\\K23cnt3HaQuangMinh_project1lablesson07\\hqm-lesson07-db1\\vendor\\laravel\\framework\\src\\Illuminate\\Foundation\\Bootstrap\\BootProviders.php(17): Illuminate\\Foundation\\Application->boot()
#23 C:\\Project1\\K23cnt3HaQuangMinh_project1lablesson07\\hqm-lesson07-db1\\vendor\\laravel\\framework\\src\\Illuminate\\Foundation\\Application.php(263): Illuminate\\Foundation\\Bootstrap\\BootProviders->bootstrap(Object(Illuminate\\Foundation\\Application))
#24 C:\\Project1\\K23cnt3HaQuangMinh_project1lablesson07\\hqm-lesson07-db1\\vendor\\laravel\\framework\\src\\Illuminate\\Foundation\\Http\\Kernel.php(186): Illuminate\\Foundation\\Application->bootstrapWith(Array)
#25 C:\\Project1\\K23cnt3HaQuangMinh_project1lablesson07\\hqm-lesson07-db1\\vendor\\laravel\\framework\\src\\Illuminate\\Foundation\\Http\\Kernel.php(170): Illuminate\\Foundation\\Http\\Kernel->bootstrap()
#26 C:\\Project1\\K23cnt3HaQuangMinh_project1lablesson07\\hqm-lesson07-db1\\vendor\\laravel\\framework\\src\\Illuminate\\Foundation\\Http\\Kernel.php(144): Illuminate\\Foundation\\Http\\Kernel->sendRequestThroughRouter(Object(Illuminate\\Http\\Request))
#27 C:\\Project1\\K23cnt3HaQuangMinh_project1lablesson07\\hqm-lesson07-db1\\public\\index.php(51): Illuminate\\Foundation\\Http\\Kernel->handle(Object(Illuminate\\Http\\Request))
#28 C:\\Project1\\K23cnt3HaQuangMinh_project1lablesson07\\hqm-lesson07-db1\\vendor\\laravel\\framework\\src\\Illuminate\\Foundation\\resources\\server.php(16): require_once('C:\\\\Project1\\\\K23...')
#29 {main}
"} 
[2024-12-10 02:34:30] local.ERROR: Undefined constant "hqmKhoa" {"exception":"[object] (Error(code: 0): Undefined constant \"hqmKhoa\" at C:\\Project1\\K23cnt3HaQuangMinh_project1lablesson07\\hqm-lesson07-db1\\routes\\web.php:21)
[stacktrace]
#0 C:\\Project1\\K23cnt3HaQuangMinh_project1lablesson07\\hqm-lesson07-db1\\vendor\\laravel\\framework\\src\\Illuminate\\Routing\\RouteFileRegistrar.php(35): require()
#1 C:\\Project1\\K23cnt3HaQuangMinh_project1lablesson07\\hqm-lesson07-db1\\vendor\\laravel\\framework\\src\\Illuminate\\Routing\\Router.php(511): Illuminate\\Routing\\RouteFileRegistrar->register('C:\\\\Project1\\\\K23...')
#2 C:\\Project1\\K23cnt3HaQuangMinh_project1lablesson07\\hqm-lesson07-db1\\vendor\\laravel\\framework\\src\\Illuminate\\Routing\\Router.php(465): Illuminate\\Routing\\Router->loadRoutes('C:\\\\Project1\\\\K23...')
#3 C:\\Project1\\K23cnt3HaQuangMinh_project1lablesson07\\hqm-lesson07-db1\\vendor\\laravel\\framework\\src\\Illuminate\\Routing\\RouteRegistrar.php(194): Illuminate\\Routing\\Router->group(Array, 'C:\\\\Project1\\\\K23...')
#4 C:\\Project1\\K23cnt3HaQuangMinh_project1lablesson07\\hqm-lesson07-db1\\app\\Providers\\RouteServiceProvider.php(35): Illuminate\\Routing\\RouteRegistrar->group('C:\\\\Project1\\\\K23...')
#5 C:\\Project1\\K23cnt3HaQuangMinh_project1lablesson07\\hqm-lesson07-db1\\vendor\\laravel\\framework\\src\\Illuminate\\Container\\BoundMethod.php(36): App\\Providers\\RouteServiceProvider->App\\Providers\\{closure}()
#6 C:\\Project1\\K23cnt3HaQuangMinh_project1lablesson07\\hqm-lesson07-db1\\vendor\\laravel\\framework\\src\\Illuminate\\Container\\Util.php(41): Illuminate\\Container\\BoundMethod::Illuminate\\Container\\{closure}()
#7 C:\\Project1\\K23cnt3HaQuangMinh_project1lablesson07\\hqm-lesson07-db1\\vendor\\laravel\\framework\\src\\Illuminate\\Container\\BoundMethod.php(81): Illuminate\\Container\\Util::unwrapIfClosure(Object(Closure))
#8 C:\\Project1\\K23cnt3HaQuangMinh_project1lablesson07\\hqm-lesson07-db1\\vendor\\laravel\\framework\\src\\Illuminate\\Container\\BoundMethod.php(35): Illuminate\\Container\\BoundMethod::callBoundMethod(Object(Illuminate\\Foundation\\Application), Object(Closure), Object(Closure))
#9 C:\\Project1\\K23cnt3HaQuangMinh_project1lablesson07\\hqm-lesson07-db1\\vendor\\laravel\\framework\\src\\Illuminate\\Container\\Container.php(662): Illuminate\\Container\\BoundMethod::call(Object(Illuminate\\Foundation\\Application), Object(Closure), Array, NULL)
#10 C:\\Project1\\K23cnt3HaQuangMinh_project1lablesson07\\hqm-lesson07-db1\\vendor\\laravel\\framework\\src\\Illuminate\\Foundation\\Support\\Providers\\RouteServiceProvider.php(120): Illuminate\\Container\\Container->call(Object(Closure))
#11 C:\\Project1\\K23cnt3HaQuangMinh_project1lablesson07\\hqm-lesson07-db1\\vendor\\laravel\\framework\\src\\Illuminate\\Foundation\\Support\\Providers\\RouteServiceProvider.php(45): Illuminate\\Foundation\\Support\\Providers\\RouteServiceProvider->loadRoutes()
#12 C:\\Project1\\K23cnt3HaQuangMinh_project1lablesson07\\hqm-lesson07-db1\\vendor\\laravel\\framework\\src\\Illuminate\\Container\\BoundMethod.php(36): Illuminate\\Foundation\\Support\\Providers\\RouteServiceProvider->Illuminate\\Foundation\\Support\\Providers\\{closure}()
#13 C:\\Project1\\K23cnt3HaQuangMinh_project1lablesson07\\hqm-lesson07-db1\\vendor\\laravel\\framework\\src\\Illuminate\\Container\\Util.php(41): Illuminate\\Container\\BoundMethod::Illuminate\\Container\\{closure}()
#14 C:\\Project1\\K23cnt3HaQuangMinh_project1lablesson07\\hqm-lesson07-db1\\vendor\\laravel\\framework\\src\\Illuminate\\Container\\BoundMethod.php(81): Illuminate\\Container\\Util::unwrapIfClosure(Object(Closure))
#15 C:\\Project1\\K23cnt3HaQuangMinh_project1lablesson07\\hqm-lesson07-db1\\vendor\\laravel\\framework\\src\\Illuminate\\Container\\BoundMethod.php(35): Illuminate\\Container\\BoundMethod::callBoundMethod(Object(Illuminate\\Foundation\\Application), Object(Closure), Object(Closure))
#16 C:\\Project1\\K23cnt3HaQuangMinh_project1lablesson07\\hqm-lesson07-db1\\vendor\\laravel\\framework\\src\\Illuminate\\Container\\Container.php(662): Illuminate\\Container\\BoundMethod::call(Object(Illuminate\\Foundation\\Application), Object(Closure), Array, NULL)
#17 C:\\Project1\\K23cnt3HaQuangMinh_project1lablesson07\\hqm-lesson07-db1\\vendor\\laravel\\framework\\src\\Illuminate\\Support\\ServiceProvider.php(119): Illuminate\\Container\\Container->call(Object(Closure))
#18 C:\\Project1\\K23cnt3HaQuangMinh_project1lablesson07\\hqm-lesson07-db1\\vendor\\laravel\\framework\\src\\Illuminate\\Foundation\\Application.php(1039): Illuminate\\Support\\ServiceProvider->callBootedCallbacks()
#19 C:\\Project1\\K23cnt3HaQuangMinh_project1lablesson07\\hqm-lesson07-db1\\vendor\\laravel\\framework\\src\\Illuminate\\Foundation\\Application.php(1017): Illuminate\\Foundation\\Application->bootProvider(Object(App\\Providers\\RouteServiceProvider))
#20 [internal function]: Illuminate\\Foundation\\Application->Illuminate\\Foundation\\{closure}(Object(App\\Providers\\RouteServiceProvider), 23)
#21 C:\\Project1\\K23cnt3HaQuangMinh_project1lablesson07\\hqm-lesson07-db1\\vendor\\laravel\\framework\\src\\Illuminate\\Foundation\\Application.php(1016): array_walk(Array, Object(Closure))
#22 C:\\Project1\\K23cnt3HaQuangMinh_project1lablesson07\\hqm-lesson07-db1\\vendor\\laravel\\framework\\src\\Illuminate\\Foundation\\Bootstrap\\BootProviders.php(17): Illuminate\\Foundation\\Application->boot()
#23 C:\\Project1\\K23cnt3HaQuangMinh_project1lablesson07\\hqm-lesson07-db1\\vendor\\laravel\\framework\\src\\Illuminate\\Foundation\\Application.php(263): Illuminate\\Foundation\\Bootstrap\\BootProviders->bootstrap(Object(Illuminate\\Foundation\\Application))
#24 C:\\Project1\\K23cnt3HaQuangMinh_project1lablesson07\\hqm-lesson07-db1\\vendor\\laravel\\framework\\src\\Illuminate\\Foundation\\Console\\Kernel.php(447): Illuminate\\Foundation\\Application->bootstrapWith(Array)
#25 C:\\Project1\\K23cnt3HaQuangMinh_project1lablesson07\\hqm-lesson07-db1\\vendor\\laravel\\framework\\src\\Illuminate\\Foundation\\Console\\Kernel.php(199): Illuminate\\Foundation\\Console\\Kernel->bootstrap()
#26 C:\\Project1\\K23cnt3HaQuangMinh_project1lablesson07\\hqm-lesson07-db1\\artisan(35): Illuminate\\Foundation\\Console\\Kernel->handle(Object(Symfony\\Component\\Console\\Input\\ArgvInput), Object(Symfony\\Component\\Console\\Output\\ConsoleOutput))
#27 {main}
"} 
[2024-12-10 02:35:04] local.ERROR: Undefined constant "hqmKhoa" {"exception":"[object] (Error(code: 0): Undefined constant \"hqmKhoa\" at C:\\Project1\\K23cnt3HaQuangMinh_project1lablesson07\\hqm-lesson07-db1\\routes\\web.php:20)
[stacktrace]
#0 C:\\Project1\\K23cnt3HaQuangMinh_project1lablesson07\\hqm-lesson07-db1\\vendor\\laravel\\framework\\src\\Illuminate\\Routing\\RouteFileRegistrar.php(35): require()
#1 C:\\Project1\\K23cnt3HaQuangMinh_project1lablesson07\\hqm-lesson07-db1\\vendor\\laravel\\framework\\src\\Illuminate\\Routing\\Router.php(511): Illuminate\\Routing\\RouteFileRegistrar->register('C:\\\\Project1\\\\K23...')
#2 C:\\Project1\\K23cnt3HaQuangMinh_project1lablesson07\\hqm-lesson07-db1\\vendor\\laravel\\framework\\src\\Illuminate\\Routing\\Router.php(465): Illuminate\\Routing\\Router->loadRoutes('C:\\\\Project1\\\\K23...')
#3 C:\\Project1\\K23cnt3HaQuangMinh_project1lablesson07\\hqm-lesson07-db1\\vendor\\laravel\\framework\\src\\Illuminate\\Routing\\RouteRegistrar.php(194): Illuminate\\Routing\\Router->group(Array, 'C:\\\\Project1\\\\K23...')
#4 C:\\Project1\\K23cnt3HaQuangMinh_project1lablesson07\\hqm-lesson07-db1\\app\\Providers\\RouteServiceProvider.php(35): Illuminate\\Routing\\RouteRegistrar->group('C:\\\\Project1\\\\K23...')
#5 C:\\Project1\\K23cnt3HaQuangMinh_project1lablesson07\\hqm-lesson07-db1\\vendor\\laravel\\framework\\src\\Illuminate\\Container\\BoundMethod.php(36): App\\Providers\\RouteServiceProvider->App\\Providers\\{closure}()
#6 C:\\Project1\\K23cnt3HaQuangMinh_project1lablesson07\\hqm-lesson07-db1\\vendor\\laravel\\framework\\src\\Illuminate\\Container\\Util.php(41): Illuminate\\Container\\BoundMethod::Illuminate\\Container\\{closure}()
#7 C:\\Project1\\K23cnt3HaQuangMinh_project1lablesson07\\hqm-lesson07-db1\\vendor\\laravel\\framework\\src\\Illuminate\\Container\\BoundMethod.php(81): Illuminate\\Container\\Util::unwrapIfClosure(Object(Closure))
#8 C:\\Project1\\K23cnt3HaQuangMinh_project1lablesson07\\hqm-lesson07-db1\\vendor\\laravel\\framework\\src\\Illuminate\\Container\\BoundMethod.php(35): Illuminate\\Container\\BoundMethod::callBoundMethod(Object(Illuminate\\Foundation\\Application), Object(Closure), Object(Closure))
#9 C:\\Project1\\K23cnt3HaQuangMinh_project1lablesson07\\hqm-lesson07-db1\\vendor\\laravel\\framework\\src\\Illuminate\\Container\\Container.php(662): Illuminate\\Container\\BoundMethod::call(Object(Illuminate\\Foundation\\Application), Object(Closure), Array, NULL)
#10 C:\\Project1\\K23cnt3HaQuangMinh_project1lablesson07\\hqm-lesson07-db1\\vendor\\laravel\\framework\\src\\Illuminate\\Foundation\\Support\\Providers\\RouteServiceProvider.php(120): Illuminate\\Container\\Container->call(Object(Closure))
#11 C:\\Project1\\K23cnt3HaQuangMinh_project1lablesson07\\hqm-lesson07-db1\\vendor\\laravel\\framework\\src\\Illuminate\\Foundation\\Support\\Providers\\RouteServiceProvider.php(45): Illuminate\\Foundation\\Support\\Providers\\RouteServiceProvider->loadRoutes()
#12 C:\\Project1\\K23cnt3HaQuangMinh_project1lablesson07\\hqm-lesson07-db1\\vendor\\laravel\\framework\\src\\Illuminate\\Container\\BoundMethod.php(36): Illuminate\\Foundation\\Support\\Providers\\RouteServiceProvider->Illuminate\\Foundation\\Support\\Providers\\{closure}()
#13 C:\\Project1\\K23cnt3HaQuangMinh_project1lablesson07\\hqm-lesson07-db1\\vendor\\laravel\\framework\\src\\Illuminate\\Container\\Util.php(41): Illuminate\\Container\\BoundMethod::Illuminate\\Container\\{closure}()
#14 C:\\Project1\\K23cnt3HaQuangMinh_project1lablesson07\\hqm-lesson07-db1\\vendor\\laravel\\framework\\src\\Illuminate\\Container\\BoundMethod.php(81): Illuminate\\Container\\Util::unwrapIfClosure(Object(Closure))
#15 C:\\Project1\\K23cnt3HaQuangMinh_project1lablesson07\\hqm-lesson07-db1\\vendor\\laravel\\framework\\src\\Illuminate\\Container\\BoundMethod.php(35): Illuminate\\Container\\BoundMethod::callBoundMethod(Object(Illuminate\\Foundation\\Application), Object(Closure), Object(Closure))
#16 C:\\Project1\\K23cnt3HaQuangMinh_project1lablesson07\\hqm-lesson07-db1\\vendor\\laravel\\framework\\src\\Illuminate\\Container\\Container.php(662): Illuminate\\Container\\BoundMethod::call(Object(Illuminate\\Foundation\\Application), Object(Closure), Array, NULL)
#17 C:\\Project1\\K23cnt3HaQuangMinh_project1lablesson07\\hqm-lesson07-db1\\vendor\\laravel\\framework\\src\\Illuminate\\Support\\ServiceProvider.php(119): Illuminate\\Container\\Container->call(Object(Closure))
#18 C:\\Project1\\K23cnt3HaQuangMinh_project1lablesson07\\hqm-lesson07-db1\\vendor\\laravel\\framework\\src\\Illuminate\\Foundation\\Application.php(1039): Illuminate\\Support\\ServiceProvider->callBootedCallbacks()
#19 C:\\Project1\\K23cnt3HaQuangMinh_project1lablesson07\\hqm-lesson07-db1\\vendor\\laravel\\framework\\src\\Illuminate\\Foundation\\Application.php(1017): Illuminate\\Foundation\\Application->bootProvider(Object(App\\Providers\\RouteServiceProvider))
#20 [internal function]: Illuminate\\Foundation\\Application->Illuminate\\Foundation\\{closure}(Object(App\\Providers\\RouteServiceProvider), 23)
#21 C:\\Project1\\K23cnt3HaQuangMinh_project1lablesson07\\hqm-lesson07-db1\\vendor\\laravel\\framework\\src\\Illuminate\\Foundation\\Application.php(1016): array_walk(Array, Object(Closure))
#22 C:\\Project1\\K23cnt3HaQuangMinh_project1lablesson07\\hqm-lesson07-db1\\vendor\\laravel\\framework\\src\\Illuminate\\Foundation\\Bootstrap\\BootProviders.php(17): Illuminate\\Foundation\\Application->boot()
#23 C:\\Project1\\K23cnt3HaQuangMinh_project1lablesson07\\hqm-lesson07-db1\\vendor\\laravel\\framework\\src\\Illuminate\\Foundation\\Application.php(263): Illuminate\\Foundation\\Bootstrap\\BootProviders->bootstrap(Object(Illuminate\\Foundation\\Application))
#24 C:\\Project1\\K23cnt3HaQuangMinh_project1lablesson07\\hqm-lesson07-db1\\vendor\\laravel\\framework\\src\\Illuminate\\Foundation\\Console\\Kernel.php(447): Illuminate\\Foundation\\Application->bootstrapWith(Array)
#25 C:\\Project1\\K23cnt3HaQuangMinh_project1lablesson07\\hqm-lesson07-db1\\vendor\\laravel\\framework\\src\\Illuminate\\Foundation\\Console\\Kernel.php(199): Illuminate\\Foundation\\Console\\Kernel->bootstrap()
#26 C:\\Project1\\K23cnt3HaQuangMinh_project1lablesson07\\hqm-lesson07-db1\\artisan(35): Illuminate\\Foundation\\Console\\Kernel->handle(Object(Symfony\\Component\\Console\\Input\\ArgvInput), Object(Symfony\\Component\\Console\\Output\\ConsoleOutput))
#27 {main}
"} 
[2024-12-10 02:47:42] local.ERROR: Target class [HqmKhoaController] does not exist. {"exception":"[object] (Illuminate\\Contracts\\Container\\BindingResolutionException(code: 0): Target class [HqmKhoaController] does not exist. at C:\\Project1\\K23cnt3HaQuangMinh_project1lablesson07\\hqm-lesson07-db1\\vendor\\laravel\\framework\\src\\Illuminate\\Container\\Container.php:914)
[stacktrace]
#0 C:\\Project1\\K23cnt3HaQuangMinh_project1lablesson07\\hqm-lesson07-db1\\vendor\\laravel\\framework\\src\\Illuminate\\Container\\Container.php(795): Illuminate\\Container\\Container->build('HqmKhoaControll...')
#1 C:\\Project1\\K23cnt3HaQuangMinh_project1lablesson07\\hqm-lesson07-db1\\vendor\\laravel\\framework\\src\\Illuminate\\Foundation\\Application.php(963): Illuminate\\Container\\Container->resolve('HqmKhoaControll...', Array, true)
#2 C:\\Project1\\K23cnt3HaQuangMinh_project1lablesson07\\hqm-lesson07-db1\\vendor\\laravel\\framework\\src\\Illuminate\\Container\\Container.php(731): Illuminate\\Foundation\\Application->resolve('HqmKhoaControll...', Array)
#3 C:\\Project1\\K23cnt3HaQuangMinh_project1lablesson07\\hqm-lesson07-db1\\vendor\\laravel\\framework\\src\\Illuminate\\Foundation\\Application.php(948): Illuminate\\Container\\Container->make('HqmKhoaControll...', Array)
#4 C:\\Project1\\K23cnt3HaQuangMinh_project1lablesson07\\hqm-lesson07-db1\\vendor\\laravel\\framework\\src\\Illuminate\\Routing\\Route.php(278): Illuminate\\Foundation\\Application->make('HqmKhoaControll...')
#5 C:\\Project1\\K23cnt3HaQuangMinh_project1lablesson07\\hqm-lesson07-db1\\vendor\\laravel\\framework\\src\\Illuminate\\Routing\\Route.php(260): Illuminate\\Routing\\Route->getController()
#6 C:\\Project1\\K23cnt3HaQuangMinh_project1lablesson07\\hqm-lesson07-db1\\vendor\\laravel\\framework\\src\\Illuminate\\Routing\\Route.php(205): Illuminate\\Routing\\Route->runController()
#7 C:\\Project1\\K23cnt3HaQuangMinh_project1lablesson07\\hqm-lesson07-db1\\vendor\\laravel\\framework\\src\\Illuminate\\Routing\\Router.php(806): Illuminate\\Routing\\Route->run()
#8 C:\\Project1\\K23cnt3HaQuangMinh_project1lablesson07\\hqm-lesson07-db1\\vendor\\laravel\\framework\\src\\Illuminate\\Pipeline\\Pipeline.php(144): Illuminate\\Routing\\Router->Illuminate\\Routing\\{closure}(Object(Illuminate\\Http\\Request))
#9 C:\\Project1\\K23cnt3HaQuangMinh_project1lablesson07\\hqm-lesson07-db1\\vendor\\laravel\\framework\\src\\Illuminate\\Routing\\Middleware\\SubstituteBindings.php(50): Illuminate\\Pipeline\\Pipeline->Illuminate\\Pipeline\\{closure}(Object(Illuminate\\Http\\Request))
#10 C:\\Project1\\K23cnt3HaQuangMinh_project1lablesson07\\hqm-lesson07-db1\\vendor\\laravel\\framework\\src\\Illuminate\\Pipeline\\Pipeline.php(183): Illuminate\\Routing\\Middleware\\SubstituteBindings->handle(Object(Illuminate\\Http\\Request), Object(Closure))
#11 C:\\Project1\\K23cnt3HaQuangMinh_project1lablesson07\\hqm-lesson07-db1\\vendor\\laravel\\framework\\src\\Illuminate\\Foundation\\Http\\Middleware\\VerifyCsrfToken.php(78): Illuminate\\Pipeline\\Pipeline->Illuminate\\Pipeline\\{closure}(Object(Illuminate\\Http\\Request))
#12 C:\\Project1\\K23cnt3HaQuangMinh_project1lablesson07\\hqm-lesson07-db1\\vendor\\laravel\\framework\\src\\Illuminate\\Pipeline\\Pipeline.php(183): Illuminate\\Foundation\\Http\\Middleware\\VerifyCsrfToken->handle(Object(Illuminate\\Http\\Request), Object(Closure))
#13 C:\\Project1\\K23cnt3HaQuangMinh_project1lablesson07\\hqm-lesson07-db1\\vendor\\laravel\\framework\\src\\Illuminate\\View\\Middleware\\ShareErrorsFromSession.php(49): Illuminate\\Pipeline\\Pipeline->Illuminate\\Pipeline\\{closure}(Object(Illuminate\\Http\\Request))
#14 C:\\Project1\\K23cnt3HaQuangMinh_project1lablesson07\\hqm-lesson07-db1\\vendor\\laravel\\framework\\src\\Illuminate\\Pipeline\\Pipeline.php(183): Illuminate\\View\\Middleware\\ShareErrorsFromSession->handle(Object(Illuminate\\Http\\Request), Object(Closure))
#15 C:\\Project1\\K23cnt3HaQuangMinh_project1lablesson07\\hqm-lesson07-db1\\vendor\\laravel\\framework\\src\\Illuminate\\Session\\Middleware\\StartSession.php(121): Illuminate\\Pipeline\\Pipeline->Illuminate\\Pipeline\\{closure}(Object(Illuminate\\Http\\Request))
#16 C:\\Project1\\K23cnt3HaQuangMinh_project1lablesson07\\hqm-lesson07-db1\\vendor\\laravel\\framework\\src\\Illuminate\\Session\\Middleware\\StartSession.php(64): Illuminate\\Session\\Middleware\\StartSession->handleStatefulRequest(Object(Illuminate\\Http\\Request), Object(Illuminate\\Session\\Store), Object(Closure))
#17 C:\\Project1\\K23cnt3HaQuangMinh_project1lablesson07\\hqm-lesson07-db1\\vendor\\laravel\\framework\\src\\Illuminate\\Pipeline\\Pipeline.php(183): Illuminate\\Session\\Middleware\\StartSession->handle(Object(Illuminate\\Http\\Request), Object(Closure))
#18 C:\\Project1\\K23cnt3HaQuangMinh_project1lablesson07\\hqm-lesson07-db1\\vendor\\laravel\\framework\\src\\Illuminate\\Cookie\\Middleware\\AddQueuedCookiesToResponse.php(37): Illuminate\\Pipeline\\Pipeline->Illuminate\\Pipeline\\{closure}(Object(Illuminate\\Http\\Request))
#19 C:\\Project1\\K23cnt3HaQuangMinh_project1lablesson07\\hqm-lesson07-db1\\vendor\\laravel\\framework\\src\\Illuminate\\Pipeline\\Pipeline.php(183): Illuminate\\Cookie\\Middleware\\AddQueuedCookiesToResponse->handle(Object(Illuminate\\Http\\Request), Object(Closure))
#20 C:\\Project1\\K23cnt3HaQuangMinh_project1lablesson07\\hqm-lesson07-db1\\vendor\\laravel\\framework\\src\\Illuminate\\Cookie\\Middleware\\EncryptCookies.php(67): Illuminate\\Pipeline\\Pipeline->Illuminate\\Pipeline\\{closure}(Object(Illuminate\\Http\\Request))
#21 C:\\Project1\\K23cnt3HaQuangMinh_project1lablesson07\\hqm-lesson07-db1\\vendor\\laravel\\framework\\src\\Illuminate\\Pipeline\\Pipeline.php(183): Illuminate\\Cookie\\Middleware\\EncryptCookies->handle(Object(Illuminate\\Http\\Request), Object(Closure))
#22 C:\\Project1\\K23cnt3HaQuangMinh_project1lablesson07\\hqm-lesson07-db1\\vendor\\laravel\\framework\\src\\Illuminate\\Pipeline\\Pipeline.php(119): Illuminate\\Pipeline\\Pipeline->Illuminate\\Pipeline\\{closure}(Object(Illuminate\\Http\\Request))
#23 C:\\Project1\\K23cnt3HaQuangMinh_project1lablesson07\\hqm-lesson07-db1\\vendor\\laravel\\framework\\src\\Illuminate\\Routing\\Router.php(805): Illuminate\\Pipeline\\Pipeline->then(Object(Closure))
#24 C:\\Project1\\K23cnt3HaQuangMinh_project1lablesson07\\hqm-lesson07-db1\\vendor\\laravel\\framework\\src\\Illuminate\\Routing\\Router.php(784): Illuminate\\Routing\\Router->runRouteWithinStack(Object(Illuminate\\Routing\\Route), Object(Illuminate\\Http\\Request))
#25 C:\\Project1\\K23cnt3HaQuangMinh_project1lablesson07\\hqm-lesson07-db1\\vendor\\laravel\\framework\\src\\Illuminate\\Routing\\Router.php(748): Illuminate\\Routing\\Router->runRoute(Object(Illuminate\\Http\\Request), Object(Illuminate\\Routing\\Route))
#26 C:\\Project1\\K23cnt3HaQuangMinh_project1lablesson07\\hqm-lesson07-db1\\vendor\\laravel\\framework\\src\\Illuminate\\Routing\\Router.php(737): Illuminate\\Routing\\Router->dispatchToRoute(Object(Illuminate\\Http\\Request))
#27 C:\\Project1\\K23cnt3HaQuangMinh_project1lablesson07\\hqm-lesson07-db1\\vendor\\laravel\\framework\\src\\Illuminate\\Foundation\\Http\\Kernel.php(200): Illuminate\\Routing\\Router->dispatch(Object(Illuminate\\Http\\Request))
#28 C:\\Project1\\K23cnt3HaQuangMinh_project1lablesson07\\hqm-lesson07-db1\\vendor\\laravel\\framework\\src\\Illuminate\\Pipeline\\Pipeline.php(144): Illuminate\\Foundation\\Http\\Kernel->Illuminate\\Foundation\\Http\\{closure}(Object(Illuminate\\Http\\Request))
#29 C:\\Project1\\K23cnt3HaQuangMinh_project1lablesson07\\hqm-lesson07-db1\\vendor\\laravel\\framework\\src\\Illuminate\\Foundation\\Http\\Middleware\\TransformsRequest.php(21): Illuminate\\Pipeline\\Pipeline->Illuminate\\Pipeline\\{closure}(Object(Illuminate\\Http\\Request))
#30 C:\\Project1\\K23cnt3HaQuangMinh_project1lablesson07\\hqm-lesson07-db1\\vendor\\laravel\\framework\\src\\Illuminate\\Foundation\\Http\\Middleware\\ConvertEmptyStringsToNull.php(31): Illuminate\\Foundation\\Http\\Middleware\\TransformsRequest->handle(Object(Illuminate\\Http\\Request), Object(Closure))
#31 C:\\Project1\\K23cnt3HaQuangMinh_project1lablesson07\\hqm-lesson07-db1\\vendor\\laravel\\framework\\src\\Illuminate\\Pipeline\\Pipeline.php(183): Illuminate\\Foundation\\Http\\Middleware\\ConvertEmptyStringsToNull->handle(Object(Illuminate\\Http\\Request), Object(Closure))
#32 C:\\Project1\\K23cnt3HaQuangMinh_project1lablesson07\\hqm-lesson07-db1\\vendor\\laravel\\framework\\src\\Illuminate\\Foundation\\Http\\Middleware\\TransformsRequest.php(21): Illuminate\\Pipeline\\Pipeline->Illuminate\\Pipeline\\{closure}(Object(Illuminate\\Http\\Request))
#33 C:\\Project1\\K23cnt3HaQuangMinh_project1lablesson07\\hqm-lesson07-db1\\vendor\\laravel\\framework\\src\\Illuminate\\Foundation\\Http\\Middleware\\TrimStrings.php(40): Illuminate\\Foundation\\Http\\Middleware\\TransformsRequest->handle(Object(Illuminate\\Http\\Request), Object(Closure))
#34 C:\\Project1\\K23cnt3HaQuangMinh_project1lablesson07\\hqm-lesson07-db1\\vendor\\laravel\\framework\\src\\Illuminate\\Pipeline\\Pipeline.php(183): Illuminate\\Foundation\\Http\\Middleware\\TrimStrings->handle(Object(Illuminate\\Http\\Request), Object(Closure))
#35 C:\\Project1\\K23cnt3HaQuangMinh_project1lablesson07\\hqm-lesson07-db1\\vendor\\laravel\\framework\\src\\Illuminate\\Foundation\\Http\\Middleware\\ValidatePostSize.php(27): Illuminate\\Pipeline\\Pipeline->Illuminate\\Pipeline\\{closure}(Object(Illuminate\\Http\\Request))
#36 C:\\Project1\\K23cnt3HaQuangMinh_project1lablesson07\\hqm-lesson07-db1\\vendor\\laravel\\framework\\src\\Illuminate\\Pipeline\\Pipeline.php(183): Illuminate\\Foundation\\Http\\Middleware\\ValidatePostSize->handle(Object(Illuminate\\Http\\Request), Object(Closure))
#37 C:\\Project1\\K23cnt3HaQuangMinh_project1lablesson07\\hqm-lesson07-db1\\vendor\\laravel\\framework\\src\\Illuminate\\Foundation\\Http\\Middleware\\PreventRequestsDuringMaintenance.php(99): Illuminate\\Pipeline\\Pipeline->Illuminate\\Pipeline\\{closure}(Object(Illuminate\\Http\\Request))
#38 C:\\Project1\\K23cnt3HaQuangMinh_project1lablesson07\\hqm-lesson07-db1\\vendor\\laravel\\framework\\src\\Illuminate\\Pipeline\\Pipeline.php(183): Illuminate\\Foundation\\Http\\Middleware\\PreventRequestsDuringMaintenance->handle(Object(Illuminate\\Http\\Request), Object(Closure))
#39 C:\\Project1\\K23cnt3HaQuangMinh_project1lablesson07\\hqm-lesson07-db1\\vendor\\laravel\\framework\\src\\Illuminate\\Http\\Middleware\\HandleCors.php(49): Illuminate\\Pipeline\\Pipeline->Illuminate\\Pipeline\\{closure}(Object(Illuminate\\Http\\Request))
#40 C:\\Project1\\K23cnt3HaQuangMinh_project1lablesson07\\hqm-lesson07-db1\\vendor\\laravel\\framework\\src\\Illuminate\\Pipeline\\Pipeline.php(183): Illuminate\\Http\\Middleware\\HandleCors->handle(Object(Illuminate\\Http\\Request), Object(Closure))
#41 C:\\Project1\\K23cnt3HaQuangMinh_project1lablesson07\\hqm-lesson07-db1\\vendor\\laravel\\framework\\src\\Illuminate\\Http\\Middleware\\TrustProxies.php(39): Illuminate\\Pipeline\\Pipeline->Illuminate\\Pipeline\\{closure}(Object(Illuminate\\Http\\Request))
#42 C:\\Project1\\K23cnt3HaQuangMinh_project1lablesson07\\hqm-lesson07-db1\\vendor\\laravel\\framework\\src\\Illuminate\\Pipeline\\Pipeline.php(183): Illuminate\\Http\\Middleware\\TrustProxies->handle(Object(Illuminate\\Http\\Request), Object(Closure))
#43 C:\\Project1\\K23cnt3HaQuangMinh_project1lablesson07\\hqm-lesson07-db1\\vendor\\laravel\\framework\\src\\Illuminate\\Pipeline\\Pipeline.php(119): Illuminate\\Pipeline\\Pipeline->Illuminate\\Pipeline\\{closure}(Object(Illuminate\\Http\\Request))
#44 C:\\Project1\\K23cnt3HaQuangMinh_project1lablesson07\\hqm-lesson07-db1\\vendor\\laravel\\framework\\src\\Illuminate\\Foundation\\Http\\Kernel.php(175): Illuminate\\Pipeline\\Pipeline->then(Object(Closure))
#45 C:\\Project1\\K23cnt3HaQuangMinh_project1lablesson07\\hqm-lesson07-db1\\vendor\\laravel\\framework\\src\\Illuminate\\Foundation\\Http\\Kernel.php(144): Illuminate\\Foundation\\Http\\Kernel->sendRequestThroughRouter(Object(Illuminate\\Http\\Request))
#46 C:\\Project1\\K23cnt3HaQuangMinh_project1lablesson07\\hqm-lesson07-db1\\public\\index.php(51): Illuminate\\Foundation\\Http\\Kernel->handle(Object(Illuminate\\Http\\Request))
#47 C:\\Project1\\K23cnt3HaQuangMinh_project1lablesson07\\hqm-lesson07-db1\\vendor\\laravel\\framework\\src\\Illuminate\\Foundation\\resources\\server.php(16): require_once('C:\\\\Project1\\\\K23...')
#48 {main}

[previous exception] [object] (ReflectionException(code: -1): Class \"HqmKhoaController\" does not exist at C:\\Project1\\K23cnt3HaQuangMinh_project1lablesson07\\hqm-lesson07-db1\\vendor\\laravel\\framework\\src\\Illuminate\\Container\\Container.php:912)
[stacktrace]
#0 C:\\Project1\\K23cnt3HaQuangMinh_project1lablesson07\\hqm-lesson07-db1\\vendor\\laravel\\framework\\src\\Illuminate\\Container\\Container.php(912): ReflectionClass->__construct('HqmKhoaControll...')
#1 C:\\Project1\\K23cnt3HaQuangMinh_project1lablesson07\\hqm-lesson07-db1\\vendor\\laravel\\framework\\src\\Illuminate\\Container\\Container.php(795): Illuminate\\Container\\Container->build('HqmKhoaControll...')
#2 C:\\Project1\\K23cnt3HaQuangMinh_project1lablesson07\\hqm-lesson07-db1\\vendor\\laravel\\framework\\src\\Illuminate\\Foundation\\Application.php(963): Illuminate\\Container\\Container->resolve('HqmKhoaControll...', Array, true)
#3 C:\\Project1\\K23cnt3HaQuangMinh_project1lablesson07\\hqm-lesson07-db1\\vendor\\laravel\\framework\\src\\Illuminate\\Container\\Container.php(731): Illuminate\\Foundation\\Application->resolve('HqmKhoaControll...', Array)
#4 C:\\Project1\\K23cnt3HaQuangMinh_project1lablesson07\\hqm-lesson07-db1\\vendor\\laravel\\framework\\src\\Illuminate\\Foundation\\Application.php(948): Illuminate\\Container\\Container->make('HqmKhoaControll...', Array)
#5 C:\\Project1\\K23cnt3HaQuangMinh_project1lablesson07\\hqm-lesson07-db1\\vendor\\laravel\\framework\\src\\Illuminate\\Routing\\Route.php(278): Illuminate\\Foundation\\Application->make('HqmKhoaControll...')
#6 C:\\Project1\\K23cnt3HaQuangMinh_project1lablesson07\\hqm-lesson07-db1\\vendor\\laravel\\framework\\src\\Illuminate\\Routing\\Route.php(260): Illuminate\\Routing\\Route->getController()
#7 C:\\Project1\\K23cnt3HaQuangMinh_project1lablesson07\\hqm-lesson07-db1\\vendor\\laravel\\framework\\src\\Illuminate\\Routing\\Route.php(205): Illuminate\\Routing\\Route->runController()
#8 C:\\Project1\\K23cnt3HaQuangMinh_project1lablesson07\\hqm-lesson07-db1\\vendor\\laravel\\framework\\src\\Illuminate\\Routing\\Router.php(806): Illuminate\\Routing\\Route->run()
#9 C:\\Project1\\K23cnt3HaQuangMinh_project1lablesson07\\hqm-lesson07-db1\\vendor\\laravel\\framework\\src\\Illuminate\\Pipeline\\Pipeline.php(144): Illuminate\\Routing\\Router->Illuminate\\Routing\\{closure}(Object(Illuminate\\Http\\Request))
#10 C:\\Project1\\K23cnt3HaQuangMinh_project1lablesson07\\hqm-lesson07-db1\\vendor\\laravel\\framework\\src\\Illuminate\\Routing\\Middleware\\SubstituteBindings.php(50): Illuminate\\Pipeline\\Pipeline->Illuminate\\Pipeline\\{closure}(Object(Illuminate\\Http\\Request))
#11 C:\\Project1\\K23cnt3HaQuangMinh_project1lablesson07\\hqm-lesson07-db1\\vendor\\laravel\\framework\\src\\Illuminate\\Pipeline\\Pipeline.php(183): Illuminate\\Routing\\Middleware\\SubstituteBindings->handle(Object(Illuminate\\Http\\Request), Object(Closure))
#12 C:\\Project1\\K23cnt3HaQuangMinh_project1lablesson07\\hqm-lesson07-db1\\vendor\\laravel\\framework\\src\\Illuminate\\Foundation\\Http\\Middleware\\VerifyCsrfToken.php(78): Illuminate\\Pipeline\\Pipeline->Illuminate\\Pipeline\\{closure}(Object(Illuminate\\Http\\Request))
#13 C:\\Project1\\K23cnt3HaQuangMinh_project1lablesson07\\hqm-lesson07-db1\\vendor\\laravel\\framework\\src\\Illuminate\\Pipeline\\Pipeline.php(183): Illuminate\\Foundation\\Http\\Middleware\\VerifyCsrfToken->handle(Object(Illuminate\\Http\\Request), Object(Closure))
#14 C:\\Project1\\K23cnt3HaQuangMinh_project1lablesson07\\hqm-lesson07-db1\\vendor\\laravel\\framework\\src\\Illuminate\\View\\Middleware\\ShareErrorsFromSession.php(49): Illuminate\\Pipeline\\Pipeline->Illuminate\\Pipeline\\{closure}(Object(Illuminate\\Http\\Request))
#15 C:\\Project1\\K23cnt3HaQuangMinh_project1lablesson07\\hqm-lesson07-db1\\vendor\\laravel\\framework\\src\\Illuminate\\Pipeline\\Pipeline.php(183): Illuminate\\View\\Middleware\\ShareErrorsFromSession->handle(Object(Illuminate\\Http\\Request), Object(Closure))
#16 C:\\Project1\\K23cnt3HaQuangMinh_project1lablesson07\\hqm-lesson07-db1\\vendor\\laravel\\framework\\src\\Illuminate\\Session\\Middleware\\StartSession.php(121): Illuminate\\Pipeline\\Pipeline->Illuminate\\Pipeline\\{closure}(Object(Illuminate\\Http\\Request))
#17 C:\\Project1\\K23cnt3HaQuangMinh_project1lablesson07\\hqm-lesson07-db1\\vendor\\laravel\\framework\\src\\Illuminate\\Session\\Middleware\\StartSession.php(64): Illuminate\\Session\\Middleware\\StartSession->handleStatefulRequest(Object(Illuminate\\Http\\Request), Object(Illuminate\\Session\\Store), Object(Closure))
#18 C:\\Project1\\K23cnt3HaQuangMinh_project1lablesson07\\hqm-lesson07-db1\\vendor\\laravel\\framework\\src\\Illuminate\\Pipeline\\Pipeline.php(183): Illuminate\\Session\\Middleware\\StartSession->handle(Object(Illuminate\\Http\\Request), Object(Closure))
#19 C:\\Project1\\K23cnt3HaQuangMinh_project1lablesson07\\hqm-lesson07-db1\\vendor\\laravel\\framework\\src\\Illuminate\\Cookie\\Middleware\\AddQueuedCookiesToResponse.php(37): Illuminate\\Pipeline\\Pipeline->Illuminate\\Pipeline\\{closure}(Object(Illuminate\\Http\\Request))
#20 C:\\Project1\\K23cnt3HaQuangMinh_project1lablesson07\\hqm-lesson07-db1\\vendor\\laravel\\framework\\src\\Illuminate\\Pipeline\\Pipeline.php(183): Illuminate\\Cookie\\Middleware\\AddQueuedCookiesToResponse->handle(Object(Illuminate\\Http\\Request), Object(Closure))
#21 C:\\Project1\\K23cnt3HaQuangMinh_project1lablesson07\\hqm-lesson07-db1\\vendor\\laravel\\framework\\src\\Illuminate\\Cookie\\Middleware\\EncryptCookies.php(67): Illuminate\\Pipeline\\Pipeline->Illuminate\\Pipeline\\{closure}(Object(Illuminate\\Http\\Request))
#22 C:\\Project1\\K23cnt3HaQuangMinh_project1lablesson07\\hqm-lesson07-db1\\vendor\\laravel\\framework\\src\\Illuminate\\Pipeline\\Pipeline.php(183): Illuminate\\Cookie\\Middleware\\EncryptCookies->handle(Object(Illuminate\\Http\\Request), Object(Closure))
#23 C:\\Project1\\K23cnt3HaQuangMinh_project1lablesson07\\hqm-lesson07-db1\\vendor\\laravel\\framework\\src\\Illuminate\\Pipeline\\Pipeline.php(119): Illuminate\\Pipeline\\Pipeline->Illuminate\\Pipeline\\{closure}(Object(Illuminate\\Http\\Request))
#24 C:\\Project1\\K23cnt3HaQuangMinh_project1lablesson07\\hqm-lesson07-db1\\vendor\\laravel\\framework\\src\\Illuminate\\Routing\\Router.php(805): Illuminate\\Pipeline\\Pipeline->then(Object(Closure))
#25 C:\\Project1\\K23cnt3HaQuangMinh_project1lablesson07\\hqm-lesson07-db1\\vendor\\laravel\\framework\\src\\Illuminate\\Routing\\Router.php(784): Illuminate\\Routing\\Router->runRouteWithinStack(Object(Illuminate\\Routing\\Route), Object(Illuminate\\Http\\Request))
#26 C:\\Project1\\K23cnt3HaQuangMinh_project1lablesson07\\hqm-lesson07-db1\\vendor\\laravel\\framework\\src\\Illuminate\\Routing\\Router.php(748): Illuminate\\Routing\\Router->runRoute(Object(Illuminate\\Http\\Request), Object(Illuminate\\Routing\\Route))
#27 C:\\Project1\\K23cnt3HaQuangMinh_project1lablesson07\\hqm-lesson07-db1\\vendor\\laravel\\framework\\src\\Illuminate\\Routing\\Router.php(737): Illuminate\\Routing\\Router->dispatchToRoute(Object(Illuminate\\Http\\Request))
#28 C:\\Project1\\K23cnt3HaQuangMinh_project1lablesson07\\hqm-lesson07-db1\\vendor\\laravel\\framework\\src\\Illuminate\\Foundation\\Http\\Kernel.php(200): Illuminate\\Routing\\Router->dispatch(Object(Illuminate\\Http\\Request))
#29 C:\\Project1\\K23cnt3HaQuangMinh_project1lablesson07\\hqm-lesson07-db1\\vendor\\laravel\\framework\\src\\Illuminate\\Pipeline\\Pipeline.php(144): Illuminate\\Foundation\\Http\\Kernel->Illuminate\\Foundation\\Http\\{closure}(Object(Illuminate\\Http\\Request))
#30 C:\\Project1\\K23cnt3HaQuangMinh_project1lablesson07\\hqm-lesson07-db1\\vendor\\laravel\\framework\\src\\Illuminate\\Foundation\\Http\\Middleware\\TransformsRequest.php(21): Illuminate\\Pipeline\\Pipeline->Illuminate\\Pipeline\\{closure}(Object(Illuminate\\Http\\Request))
#31 C:\\Project1\\K23cnt3HaQuangMinh_project1lablesson07\\hqm-lesson07-db1\\vendor\\laravel\\framework\\src\\Illuminate\\Foundation\\Http\\Middleware\\ConvertEmptyStringsToNull.php(31): Illuminate\\Foundation\\Http\\Middleware\\TransformsRequest->handle(Object(Illuminate\\Http\\Request), Object(Closure))
#32 C:\\Project1\\K23cnt3HaQuangMinh_project1lablesson07\\hqm-lesson07-db1\\vendor\\laravel\\framework\\src\\Illuminate\\Pipeline\\Pipeline.php(183): Illuminate\\Foundation\\Http\\Middleware\\ConvertEmptyStringsToNull->handle(Object(Illuminate\\Http\\Request), Object(Closure))
#33 C:\\Project1\\K23cnt3HaQuangMinh_project1lablesson07\\hqm-lesson07-db1\\vendor\\laravel\\framework\\src\\Illuminate\\Foundation\\Http\\Middleware\\TransformsRequest.php(21): Illuminate\\Pipeline\\Pipeline->Illuminate\\Pipeline\\{closure}(Object(Illuminate\\Http\\Request))
#34 C:\\Project1\\K23cnt3HaQuangMinh_project1lablesson07\\hqm-lesson07-db1\\vendor\\laravel\\framework\\src\\Illuminate\\Foundation\\Http\\Middleware\\TrimStrings.php(40): Illuminate\\Foundation\\Http\\Middleware\\TransformsRequest->handle(Object(Illuminate\\Http\\Request), Object(Closure))
#35 C:\\Project1\\K23cnt3HaQuangMinh_project1lablesson07\\hqm-lesson07-db1\\vendor\\laravel\\framework\\src\\Illuminate\\Pipeline\\Pipeline.php(183): Illuminate\\Foundation\\Http\\Middleware\\TrimStrings->handle(Object(Illuminate\\Http\\Request), Object(Closure))
#36 C:\\Project1\\K23cnt3HaQuangMinh_project1lablesson07\\hqm-lesson07-db1\\vendor\\laravel\\framework\\src\\Illuminate\\Foundation\\Http\\Middleware\\ValidatePostSize.php(27): Illuminate\\Pipeline\\Pipeline->Illuminate\\Pipeline\\{closure}(Object(Illuminate\\Http\\Request))
#37 C:\\Project1\\K23cnt3HaQuangMinh_project1lablesson07\\hqm-lesson07-db1\\vendor\\laravel\\framework\\src\\Illuminate\\Pipeline\\Pipeline.php(183): Illuminate\\Foundation\\Http\\Middleware\\ValidatePostSize->handle(Object(Illuminate\\Http\\Request), Object(Closure))
#38 C:\\Project1\\K23cnt3HaQuangMinh_project1lablesson07\\hqm-lesson07-db1\\vendor\\laravel\\framework\\src\\Illuminate\\Foundation\\Http\\Middleware\\PreventRequestsDuringMaintenance.php(99): Illuminate\\Pipeline\\Pipeline->Illuminate\\Pipeline\\{closure}(Object(Illuminate\\Http\\Request))
#39 C:\\Project1\\K23cnt3HaQuangMinh_project1lablesson07\\hqm-lesson07-db1\\vendor\\laravel\\framework\\src\\Illuminate\\Pipeline\\Pipeline.php(183): Illuminate\\Foundation\\Http\\Middleware\\PreventRequestsDuringMaintenance->handle(Object(Illuminate\\Http\\Request), Object(Closure))
#40 C:\\Project1\\K23cnt3HaQuangMinh_project1lablesson07\\hqm-lesson07-db1\\vendor\\laravel\\framework\\src\\Illuminate\\Http\\Middleware\\HandleCors.php(49): Illuminate\\Pipeline\\Pipeline->Illuminate\\Pipeline\\{closure}(Object(Illuminate\\Http\\Request))
#41 C:\\Project1\\K23cnt3HaQuangMinh_project1lablesson07\\hqm-lesson07-db1\\vendor\\laravel\\framework\\src\\Illuminate\\Pipeline\\Pipeline.php(183): Illuminate\\Http\\Middleware\\HandleCors->handle(Object(Illuminate\\Http\\Request), Object(Closure))
#42 C:\\Project1\\K23cnt3HaQuangMinh_project1lablesson07\\hqm-lesson07-db1\\vendor\\laravel\\framework\\src\\Illuminate\\Http\\Middleware\\TrustProxies.php(39): Illuminate\\Pipeline\\Pipeline->Illuminate\\Pipeline\\{closure}(Object(Illuminate\\Http\\Request))
#43 C:\\Project1\\K23cnt3HaQuangMinh_project1lablesson07\\hqm-lesson07-db1\\vendor\\laravel\\framework\\src\\Illuminate\\Pipeline\\Pipeline.php(183): Illuminate\\Http\\Middleware\\TrustProxies->handle(Object(Illuminate\\Http\\Request), Object(Closure))
#44 C:\\Project1\\K23cnt3HaQuangMinh_project1lablesson07\\hqm-lesson07-db1\\vendor\\laravel\\framework\\src\\Illuminate\\Pipeline\\Pipeline.php(119): Illuminate\\Pipeline\\Pipeline->Illuminate\\Pipeline\\{closure}(Object(Illuminate\\Http\\Request))
#45 C:\\Project1\\K23cnt3HaQuangMinh_project1lablesson07\\hqm-lesson07-db1\\vendor\\laravel\\framework\\src\\Illuminate\\Foundation\\Http\\Kernel.php(175): Illuminate\\Pipeline\\Pipeline->then(Object(Closure))
#46 C:\\Project1\\K23cnt3HaQuangMinh_project1lablesson07\\hqm-lesson07-db1\\vendor\\laravel\\framework\\src\\Illuminate\\Foundation\\Http\\Kernel.php(144): Illuminate\\Foundation\\Http\\Kernel->sendRequestThroughRouter(Object(Illuminate\\Http\\Request))
#47 C:\\Project1\\K23cnt3HaQuangMinh_project1lablesson07\\hqm-lesson07-db1\\public\\index.php(51): Illuminate\\Foundation\\Http\\Kernel->handle(Object(Illuminate\\Http\\Request))
#48 C:\\Project1\\K23cnt3HaQuangMinh_project1lablesson07\\hqm-lesson07-db1\\vendor\\laravel\\framework\\src\\Illuminate\\Foundation\\resources\\server.php(16): require_once('C:\\\\Project1\\\\K23...')
#49 {main}
"} 
[2024-12-10 03:15:02] local.ERROR: Target class [HqmKhoaController] does not exist. {"exception":"[object] (Illuminate\\Contracts\\Container\\BindingResolutionException(code: 0): Target class [HqmKhoaController] does not exist. at C:\\Project1\\K23cnt3HaQuangMinh_project1lablesson07\\hqm-lesson07-db1\\vendor\\laravel\\framework\\src\\Illuminate\\Container\\Container.php:914)
[stacktrace]
#0 C:\\Project1\\K23cnt3HaQuangMinh_project1lablesson07\\hqm-lesson07-db1\\vendor\\laravel\\framework\\src\\Illuminate\\Container\\Container.php(795): Illuminate\\Container\\Container->build('HqmKhoaControll...')
#1 C:\\Project1\\K23cnt3HaQuangMinh_project1lablesson07\\hqm-lesson07-db1\\vendor\\laravel\\framework\\src\\Illuminate\\Foundation\\Application.php(963): Illuminate\\Container\\Container->resolve('HqmKhoaControll...', Array, true)
#2 C:\\Project1\\K23cnt3HaQuangMinh_project1lablesson07\\hqm-lesson07-db1\\vendor\\laravel\\framework\\src\\Illuminate\\Container\\Container.php(731): Illuminate\\Foundation\\Application->resolve('HqmKhoaControll...', Array)
#3 C:\\Project1\\K23cnt3HaQuangMinh_project1lablesson07\\hqm-lesson07-db1\\vendor\\laravel\\framework\\src\\Illuminate\\Foundation\\Application.php(948): Illuminate\\Container\\Container->make('HqmKhoaControll...', Array)
#4 C:\\Project1\\K23cnt3HaQuangMinh_project1lablesson07\\hqm-lesson07-db1\\vendor\\laravel\\framework\\src\\Illuminate\\Routing\\Route.php(278): Illuminate\\Foundation\\Application->make('HqmKhoaControll...')
#5 C:\\Project1\\K23cnt3HaQuangMinh_project1lablesson07\\hqm-lesson07-db1\\vendor\\laravel\\framework\\src\\Illuminate\\Routing\\Route.php(260): Illuminate\\Routing\\Route->getController()
#6 C:\\Project1\\K23cnt3HaQuangMinh_project1lablesson07\\hqm-lesson07-db1\\vendor\\laravel\\framework\\src\\Illuminate\\Routing\\Route.php(205): Illuminate\\Routing\\Route->runController()
#7 C:\\Project1\\K23cnt3HaQuangMinh_project1lablesson07\\hqm-lesson07-db1\\vendor\\laravel\\framework\\src\\Illuminate\\Routing\\Router.php(806): Illuminate\\Routing\\Route->run()
#8 C:\\Project1\\K23cnt3HaQuangMinh_project1lablesson07\\hqm-lesson07-db1\\vendor\\laravel\\framework\\src\\Illuminate\\Pipeline\\Pipeline.php(144): Illuminate\\Routing\\Router->Illuminate\\Routing\\{closure}(Object(Illuminate\\Http\\Request))
#9 C:\\Project1\\K23cnt3HaQuangMinh_project1lablesson07\\hqm-lesson07-db1\\vendor\\laravel\\framework\\src\\Illuminate\\Routing\\Middleware\\SubstituteBindings.php(50): Illuminate\\Pipeline\\Pipeline->Illuminate\\Pipeline\\{closure}(Object(Illuminate\\Http\\Request))
#10 C:\\Project1\\K23cnt3HaQuangMinh_project1lablesson07\\hqm-lesson07-db1\\vendor\\laravel\\framework\\src\\Illuminate\\Pipeline\\Pipeline.php(183): Illuminate\\Routing\\Middleware\\SubstituteBindings->handle(Object(Illuminate\\Http\\Request), Object(Closure))
#11 C:\\Project1\\K23cnt3HaQuangMinh_project1lablesson07\\hqm-lesson07-db1\\vendor\\laravel\\framework\\src\\Illuminate\\Foundation\\Http\\Middleware\\VerifyCsrfToken.php(78): Illuminate\\Pipeline\\Pipeline->Illuminate\\Pipeline\\{closure}(Object(Illuminate\\Http\\Request))
#12 C:\\Project1\\K23cnt3HaQuangMinh_project1lablesson07\\hqm-lesson07-db1\\vendor\\laravel\\framework\\src\\Illuminate\\Pipeline\\Pipeline.php(183): Illuminate\\Foundation\\Http\\Middleware\\VerifyCsrfToken->handle(Object(Illuminate\\Http\\Request), Object(Closure))
#13 C:\\Project1\\K23cnt3HaQuangMinh_project1lablesson07\\hqm-lesson07-db1\\vendor\\laravel\\framework\\src\\Illuminate\\View\\Middleware\\ShareErrorsFromSession.php(49): Illuminate\\Pipeline\\Pipeline->Illuminate\\Pipeline\\{closure}(Object(Illuminate\\Http\\Request))
#14 C:\\Project1\\K23cnt3HaQuangMinh_project1lablesson07\\hqm-lesson07-db1\\vendor\\laravel\\framework\\src\\Illuminate\\Pipeline\\Pipeline.php(183): Illuminate\\View\\Middleware\\ShareErrorsFromSession->handle(Object(Illuminate\\Http\\Request), Object(Closure))
#15 C:\\Project1\\K23cnt3HaQuangMinh_project1lablesson07\\hqm-lesson07-db1\\vendor\\laravel\\framework\\src\\Illuminate\\Session\\Middleware\\StartSession.php(121): Illuminate\\Pipeline\\Pipeline->Illuminate\\Pipeline\\{closure}(Object(Illuminate\\Http\\Request))
#16 C:\\Project1\\K23cnt3HaQuangMinh_project1lablesson07\\hqm-lesson07-db1\\vendor\\laravel\\framework\\src\\Illuminate\\Session\\Middleware\\StartSession.php(64): Illuminate\\Session\\Middleware\\StartSession->handleStatefulRequest(Object(Illuminate\\Http\\Request), Object(Illuminate\\Session\\Store), Object(Closure))
#17 C:\\Project1\\K23cnt3HaQuangMinh_project1lablesson07\\hqm-lesson07-db1\\vendor\\laravel\\framework\\src\\Illuminate\\Pipeline\\Pipeline.php(183): Illuminate\\Session\\Middleware\\StartSession->handle(Object(Illuminate\\Http\\Request), Object(Closure))
#18 C:\\Project1\\K23cnt3HaQuangMinh_project1lablesson07\\hqm-lesson07-db1\\vendor\\laravel\\framework\\src\\Illuminate\\Cookie\\Middleware\\AddQueuedCookiesToResponse.php(37): Illuminate\\Pipeline\\Pipeline->Illuminate\\Pipeline\\{closure}(Object(Illuminate\\Http\\Request))
#19 C:\\Project1\\K23cnt3HaQuangMinh_project1lablesson07\\hqm-lesson07-db1\\vendor\\laravel\\framework\\src\\Illuminate\\Pipeline\\Pipeline.php(183): Illuminate\\Cookie\\Middleware\\AddQueuedCookiesToResponse->handle(Object(Illuminate\\Http\\Request), Object(Closure))
#20 C:\\Project1\\K23cnt3HaQuangMinh_project1lablesson07\\hqm-lesson07-db1\\vendor\\laravel\\framework\\src\\Illuminate\\Cookie\\Middleware\\EncryptCookies.php(67): Illuminate\\Pipeline\\Pipeline->Illuminate\\Pipeline\\{closure}(Object(Illuminate\\Http\\Request))
#21 C:\\Project1\\K23cnt3HaQuangMinh_project1lablesson07\\hqm-lesson07-db1\\vendor\\laravel\\framework\\src\\Illuminate\\Pipeline\\Pipeline.php(183): Illuminate\\Cookie\\Middleware\\EncryptCookies->handle(Object(Illuminate\\Http\\Request), Object(Closure))
#22 C:\\Project1\\K23cnt3HaQuangMinh_project1lablesson07\\hqm-lesson07-db1\\vendor\\laravel\\framework\\src\\Illuminate\\Pipeline\\Pipeline.php(119): Illuminate\\Pipeline\\Pipeline->Illuminate\\Pipeline\\{closure}(Object(Illuminate\\Http\\Request))
#23 C:\\Project1\\K23cnt3HaQuangMinh_project1lablesson07\\hqm-lesson07-db1\\vendor\\laravel\\framework\\src\\Illuminate\\Routing\\Router.php(805): Illuminate\\Pipeline\\Pipeline->then(Object(Closure))
#24 C:\\Project1\\K23cnt3HaQuangMinh_project1lablesson07\\hqm-lesson07-db1\\vendor\\laravel\\framework\\src\\Illuminate\\Routing\\Router.php(784): Illuminate\\Routing\\Router->runRouteWithinStack(Object(Illuminate\\Routing\\Route), Object(Illuminate\\Http\\Request))
#25 C:\\Project1\\K23cnt3HaQuangMinh_project1lablesson07\\hqm-lesson07-db1\\vendor\\laravel\\framework\\src\\Illuminate\\Routing\\Router.php(748): Illuminate\\Routing\\Router->runRoute(Object(Illuminate\\Http\\Request), Object(Illuminate\\Routing\\Route))
#26 C:\\Project1\\K23cnt3HaQuangMinh_project1lablesson07\\hqm-lesson07-db1\\vendor\\laravel\\framework\\src\\Illuminate\\Routing\\Router.php(737): Illuminate\\Routing\\Router->dispatchToRoute(Object(Illuminate\\Http\\Request))
#27 C:\\Project1\\K23cnt3HaQuangMinh_project1lablesson07\\hqm-lesson07-db1\\vendor\\laravel\\framework\\src\\Illuminate\\Foundation\\Http\\Kernel.php(200): Illuminate\\Routing\\Router->dispatch(Object(Illuminate\\Http\\Request))
#28 C:\\Project1\\K23cnt3HaQuangMinh_project1lablesson07\\hqm-lesson07-db1\\vendor\\laravel\\framework\\src\\Illuminate\\Pipeline\\Pipeline.php(144): Illuminate\\Foundation\\Http\\Kernel->Illuminate\\Foundation\\Http\\{closure}(Object(Illuminate\\Http\\Request))
#29 C:\\Project1\\K23cnt3HaQuangMinh_project1lablesson07\\hqm-lesson07-db1\\vendor\\laravel\\framework\\src\\Illuminate\\Foundation\\Http\\Middleware\\TransformsRequest.php(21): Illuminate\\Pipeline\\Pipeline->Illuminate\\Pipeline\\{closure}(Object(Illuminate\\Http\\Request))
#30 C:\\Project1\\K23cnt3HaQuangMinh_project1lablesson07\\hqm-lesson07-db1\\vendor\\laravel\\framework\\src\\Illuminate\\Foundation\\Http\\Middleware\\ConvertEmptyStringsToNull.php(31): Illuminate\\Foundation\\Http\\Middleware\\TransformsRequest->handle(Object(Illuminate\\Http\\Request), Object(Closure))
#31 C:\\Project1\\K23cnt3HaQuangMinh_project1lablesson07\\hqm-lesson07-db1\\vendor\\laravel\\framework\\src\\Illuminate\\Pipeline\\Pipeline.php(183): Illuminate\\Foundation\\Http\\Middleware\\ConvertEmptyStringsToNull->handle(Object(Illuminate\\Http\\Request), Object(Closure))
#32 C:\\Project1\\K23cnt3HaQuangMinh_project1lablesson07\\hqm-lesson07-db1\\vendor\\laravel\\framework\\src\\Illuminate\\Foundation\\Http\\Middleware\\TransformsRequest.php(21): Illuminate\\Pipeline\\Pipeline->Illuminate\\Pipeline\\{closure}(Object(Illuminate\\Http\\Request))
#33 C:\\Project1\\K23cnt3HaQuangMinh_project1lablesson07\\hqm-lesson07-db1\\vendor\\laravel\\framework\\src\\Illuminate\\Foundation\\Http\\Middleware\\TrimStrings.php(40): Illuminate\\Foundation\\Http\\Middleware\\TransformsRequest->handle(Object(Illuminate\\Http\\Request), Object(Closure))
#34 C:\\Project1\\K23cnt3HaQuangMinh_project1lablesson07\\hqm-lesson07-db1\\vendor\\laravel\\framework\\src\\Illuminate\\Pipeline\\Pipeline.php(183): Illuminate\\Foundation\\Http\\Middleware\\TrimStrings->handle(Object(Illuminate\\Http\\Request), Object(Closure))
#35 C:\\Project1\\K23cnt3HaQuangMinh_project1lablesson07\\hqm-lesson07-db1\\vendor\\laravel\\framework\\src\\Illuminate\\Foundation\\Http\\Middleware\\ValidatePostSize.php(27): Illuminate\\Pipeline\\Pipeline->Illuminate\\Pipeline\\{closure}(Object(Illuminate\\Http\\Request))
#36 C:\\Project1\\K23cnt3HaQuangMinh_project1lablesson07\\hqm-lesson07-db1\\vendor\\laravel\\framework\\src\\Illuminate\\Pipeline\\Pipeline.php(183): Illuminate\\Foundation\\Http\\Middleware\\ValidatePostSize->handle(Object(Illuminate\\Http\\Request), Object(Closure))
#37 C:\\Project1\\K23cnt3HaQuangMinh_project1lablesson07\\hqm-lesson07-db1\\vendor\\laravel\\framework\\src\\Illuminate\\Foundation\\Http\\Middleware\\PreventRequestsDuringMaintenance.php(99): Illuminate\\Pipeline\\Pipeline->Illuminate\\Pipeline\\{closure}(Object(Illuminate\\Http\\Request))
#38 C:\\Project1\\K23cnt3HaQuangMinh_project1lablesson07\\hqm-lesson07-db1\\vendor\\laravel\\framework\\src\\Illuminate\\Pipeline\\Pipeline.php(183): Illuminate\\Foundation\\Http\\Middleware\\PreventRequestsDuringMaintenance->handle(Object(Illuminate\\Http\\Request), Object(Closure))
#39 C:\\Project1\\K23cnt3HaQuangMinh_project1lablesson07\\hqm-lesson07-db1\\vendor\\laravel\\framework\\src\\Illuminate\\Http\\Middleware\\HandleCors.php(49): Illuminate\\Pipeline\\Pipeline->Illuminate\\Pipeline\\{closure}(Object(Illuminate\\Http\\Request))
#40 C:\\Project1\\K23cnt3HaQuangMinh_project1lablesson07\\hqm-lesson07-db1\\vendor\\laravel\\framework\\src\\Illuminate\\Pipeline\\Pipeline.php(183): Illuminate\\Http\\Middleware\\HandleCors->handle(Object(Illuminate\\Http\\Request), Object(Closure))
#41 C:\\Project1\\K23cnt3HaQuangMinh_project1lablesson07\\hqm-lesson07-db1\\vendor\\laravel\\framework\\src\\Illuminate\\Http\\Middleware\\TrustProxies.php(39): Illuminate\\Pipeline\\Pipeline->Illuminate\\Pipeline\\{closure}(Object(Illuminate\\Http\\Request))
#42 C:\\Project1\\K23cnt3HaQuangMinh_project1lablesson07\\hqm-lesson07-db1\\vendor\\laravel\\framework\\src\\Illuminate\\Pipeline\\Pipeline.php(183): Illuminate\\Http\\Middleware\\TrustProxies->handle(Object(Illuminate\\Http\\Request), Object(Closure))
#43 C:\\Project1\\K23cnt3HaQuangMinh_project1lablesson07\\hqm-lesson07-db1\\vendor\\laravel\\framework\\src\\Illuminate\\Pipeline\\Pipeline.php(119): Illuminate\\Pipeline\\Pipeline->Illuminate\\Pipeline\\{closure}(Object(Illuminate\\Http\\Request))
#44 C:\\Project1\\K23cnt3HaQuangMinh_project1lablesson07\\hqm-lesson07-db1\\vendor\\laravel\\framework\\src\\Illuminate\\Foundation\\Http\\Kernel.php(175): Illuminate\\Pipeline\\Pipeline->then(Object(Closure))
#45 C:\\Project1\\K23cnt3HaQuangMinh_project1lablesson07\\hqm-lesson07-db1\\vendor\\laravel\\framework\\src\\Illuminate\\Foundation\\Http\\Kernel.php(144): Illuminate\\Foundation\\Http\\Kernel->sendRequestThroughRouter(Object(Illuminate\\Http\\Request))
#46 C:\\Project1\\K23cnt3HaQuangMinh_project1lablesson07\\hqm-lesson07-db1\\public\\index.php(51): Illuminate\\Foundation\\Http\\Kernel->handle(Object(Illuminate\\Http\\Request))
#47 C:\\Project1\\K23cnt3HaQuangMinh_project1lablesson07\\hqm-lesson07-db1\\vendor\\laravel\\framework\\src\\Illuminate\\Foundation\\resources\\server.php(16): require_once('C:\\\\Project1\\\\K23...')
#48 {main}

[previous exception] [object] (ReflectionException(code: -1): Class \"HqmKhoaController\" does not exist at C:\\Project1\\K23cnt3HaQuangMinh_project1lablesson07\\hqm-lesson07-db1\\vendor\\laravel\\framework\\src\\Illuminate\\Container\\Container.php:912)
[stacktrace]
#0 C:\\Project1\\K23cnt3HaQuangMinh_project1lablesson07\\hqm-lesson07-db1\\vendor\\laravel\\framework\\src\\Illuminate\\Container\\Container.php(912): ReflectionClass->__construct('HqmKhoaControll...')
#1 C:\\Project1\\K23cnt3HaQuangMinh_project1lablesson07\\hqm-lesson07-db1\\vendor\\laravel\\framework\\src\\Illuminate\\Container\\Container.php(795): Illuminate\\Container\\Container->build('HqmKhoaControll...')
#2 C:\\Project1\\K23cnt3HaQuangMinh_project1lablesson07\\hqm-lesson07-db1\\vendor\\laravel\\framework\\src\\Illuminate\\Foundation\\Application.php(963): Illuminate\\Container\\Container->resolve('HqmKhoaControll...', Array, true)
#3 C:\\Project1\\K23cnt3HaQuangMinh_project1lablesson07\\hqm-lesson07-db1\\vendor\\laravel\\framework\\src\\Illuminate\\Container\\Container.php(731): Illuminate\\Foundation\\Application->resolve('HqmKhoaControll...', Array)
#4 C:\\Project1\\K23cnt3HaQuangMinh_project1lablesson07\\hqm-lesson07-db1\\vendor\\laravel\\framework\\src\\Illuminate\\Foundation\\Application.php(948): Illuminate\\Container\\Container->make('HqmKhoaControll...', Array)
#5 C:\\Project1\\K23cnt3HaQuangMinh_project1lablesson07\\hqm-lesson07-db1\\vendor\\laravel\\framework\\src\\Illuminate\\Routing\\Route.php(278): Illuminate\\Foundation\\Application->make('HqmKhoaControll...')
#6 C:\\Project1\\K23cnt3HaQuangMinh_project1lablesson07\\hqm-lesson07-db1\\vendor\\laravel\\framework\\src\\Illuminate\\Routing\\Route.php(260): Illuminate\\Routing\\Route->getController()
#7 C:\\Project1\\K23cnt3HaQuangMinh_project1lablesson07\\hqm-lesson07-db1\\vendor\\laravel\\framework\\src\\Illuminate\\Routing\\Route.php(205): Illuminate\\Routing\\Route->runController()
#8 C:\\Project1\\K23cnt3HaQuangMinh_project1lablesson07\\hqm-lesson07-db1\\vendor\\laravel\\framework\\src\\Illuminate\\Routing\\Router.php(806): Illuminate\\Routing\\Route->run()
#9 C:\\Project1\\K23cnt3HaQuangMinh_project1lablesson07\\hqm-lesson07-db1\\vendor\\laravel\\framework\\src\\Illuminate\\Pipeline\\Pipeline.php(144): Illuminate\\Routing\\Router->Illuminate\\Routing\\{closure}(Object(Illuminate\\Http\\Request))
#10 C:\\Project1\\K23cnt3HaQuangMinh_project1lablesson07\\hqm-lesson07-db1\\vendor\\laravel\\framework\\src\\Illuminate\\Routing\\Middleware\\SubstituteBindings.php(50): Illuminate\\Pipeline\\Pipeline->Illuminate\\Pipeline\\{closure}(Object(Illuminate\\Http\\Request))
#11 C:\\Project1\\K23cnt3HaQuangMinh_project1lablesson07\\hqm-lesson07-db1\\vendor\\laravel\\framework\\src\\Illuminate\\Pipeline\\Pipeline.php(183): Illuminate\\Routing\\Middleware\\SubstituteBindings->handle(Object(Illuminate\\Http\\Request), Object(Closure))
#12 C:\\Project1\\K23cnt3HaQuangMinh_project1lablesson07\\hqm-lesson07-db1\\vendor\\laravel\\framework\\src\\Illuminate\\Foundation\\Http\\Middleware\\VerifyCsrfToken.php(78): Illuminate\\Pipeline\\Pipeline->Illuminate\\Pipeline\\{closure}(Object(Illuminate\\Http\\Request))
#13 C:\\Project1\\K23cnt3HaQuangMinh_project1lablesson07\\hqm-lesson07-db1\\vendor\\laravel\\framework\\src\\Illuminate\\Pipeline\\Pipeline.php(183): Illuminate\\Foundation\\Http\\Middleware\\VerifyCsrfToken->handle(Object(Illuminate\\Http\\Request), Object(Closure))
#14 C:\\Project1\\K23cnt3HaQuangMinh_project1lablesson07\\hqm-lesson07-db1\\vendor\\laravel\\framework\\src\\Illuminate\\View\\Middleware\\ShareErrorsFromSession.php(49): Illuminate\\Pipeline\\Pipeline->Illuminate\\Pipeline\\{closure}(Object(Illuminate\\Http\\Request))
#15 C:\\Project1\\K23cnt3HaQuangMinh_project1lablesson07\\hqm-lesson07-db1\\vendor\\laravel\\framework\\src\\Illuminate\\Pipeline\\Pipeline.php(183): Illuminate\\View\\Middleware\\ShareErrorsFromSession->handle(Object(Illuminate\\Http\\Request), Object(Closure))
#16 C:\\Project1\\K23cnt3HaQuangMinh_project1lablesson07\\hqm-lesson07-db1\\vendor\\laravel\\framework\\src\\Illuminate\\Session\\Middleware\\StartSession.php(121): Illuminate\\Pipeline\\Pipeline->Illuminate\\Pipeline\\{closure}(Object(Illuminate\\Http\\Request))
#17 C:\\Project1\\K23cnt3HaQuangMinh_project1lablesson07\\hqm-lesson07-db1\\vendor\\laravel\\framework\\src\\Illuminate\\Session\\Middleware\\StartSession.php(64): Illuminate\\Session\\Middleware\\StartSession->handleStatefulRequest(Object(Illuminate\\Http\\Request), Object(Illuminate\\Session\\Store), Object(Closure))
#18 C:\\Project1\\K23cnt3HaQuangMinh_project1lablesson07\\hqm-lesson07-db1\\vendor\\laravel\\framework\\src\\Illuminate\\Pipeline\\Pipeline.php(183): Illuminate\\Session\\Middleware\\StartSession->handle(Object(Illuminate\\Http\\Request), Object(Closure))
#19 C:\\Project1\\K23cnt3HaQuangMinh_project1lablesson07\\hqm-lesson07-db1\\vendor\\laravel\\framework\\src\\Illuminate\\Cookie\\Middleware\\AddQueuedCookiesToResponse.php(37): Illuminate\\Pipeline\\Pipeline->Illuminate\\Pipeline\\{closure}(Object(Illuminate\\Http\\Request))
#20 C:\\Project1\\K23cnt3HaQuangMinh_project1lablesson07\\hqm-lesson07-db1\\vendor\\laravel\\framework\\src\\Illuminate\\Pipeline\\Pipeline.php(183): Illuminate\\Cookie\\Middleware\\AddQueuedCookiesToResponse->handle(Object(Illuminate\\Http\\Request), Object(Closure))
#21 C:\\Project1\\K23cnt3HaQuangMinh_project1lablesson07\\hqm-lesson07-db1\\vendor\\laravel\\framework\\src\\Illuminate\\Cookie\\Middleware\\EncryptCookies.php(67): Illuminate\\Pipeline\\Pipeline->Illuminate\\Pipeline\\{closure}(Object(Illuminate\\Http\\Request))
#22 C:\\Project1\\K23cnt3HaQuangMinh_project1lablesson07\\hqm-lesson07-db1\\vendor\\laravel\\framework\\src\\Illuminate\\Pipeline\\Pipeline.php(183): Illuminate\\Cookie\\Middleware\\EncryptCookies->handle(Object(Illuminate\\Http\\Request), Object(Closure))
#23 C:\\Project1\\K23cnt3HaQuangMinh_project1lablesson07\\hqm-lesson07-db1\\vendor\\laravel\\framework\\src\\Illuminate\\Pipeline\\Pipeline.php(119): Illuminate\\Pipeline\\Pipeline->Illuminate\\Pipeline\\{closure}(Object(Illuminate\\Http\\Request))
#24 C:\\Project1\\K23cnt3HaQuangMinh_project1lablesson07\\hqm-lesson07-db1\\vendor\\laravel\\framework\\src\\Illuminate\\Routing\\Router.php(805): Illuminate\\Pipeline\\Pipeline->then(Object(Closure))
#25 C:\\Project1\\K23cnt3HaQuangMinh_project1lablesson07\\hqm-lesson07-db1\\vendor\\laravel\\framework\\src\\Illuminate\\Routing\\Router.php(784): Illuminate\\Routing\\Router->runRouteWithinStack(Object(Illuminate\\Routing\\Route), Object(Illuminate\\Http\\Request))
#26 C:\\Project1\\K23cnt3HaQuangMinh_project1lablesson07\\hqm-lesson07-db1\\vendor\\laravel\\framework\\src\\Illuminate\\Routing\\Router.php(748): Illuminate\\Routing\\Router->runRoute(Object(Illuminate\\Http\\Request), Object(Illuminate\\Routing\\Route))
#27 C:\\Project1\\K23cnt3HaQuangMinh_project1lablesson07\\hqm-lesson07-db1\\vendor\\laravel\\framework\\src\\Illuminate\\Routing\\Router.php(737): Illuminate\\Routing\\Router->dispatchToRoute(Object(Illuminate\\Http\\Request))
#28 C:\\Project1\\K23cnt3HaQuangMinh_project1lablesson07\\hqm-lesson07-db1\\vendor\\laravel\\framework\\src\\Illuminate\\Foundation\\Http\\Kernel.php(200): Illuminate\\Routing\\Router->dispatch(Object(Illuminate\\Http\\Request))
#29 C:\\Project1\\K23cnt3HaQuangMinh_project1lablesson07\\hqm-lesson07-db1\\vendor\\laravel\\framework\\src\\Illuminate\\Pipeline\\Pipeline.php(144): Illuminate\\Foundation\\Http\\Kernel->Illuminate\\Foundation\\Http\\{closure}(Object(Illuminate\\Http\\Request))
#30 C:\\Project1\\K23cnt3HaQuangMinh_project1lablesson07\\hqm-lesson07-db1\\vendor\\laravel\\framework\\src\\Illuminate\\Foundation\\Http\\Middleware\\TransformsRequest.php(21): Illuminate\\Pipeline\\Pipeline->Illuminate\\Pipeline\\{closure}(Object(Illuminate\\Http\\Request))
#31 C:\\Project1\\K23cnt3HaQuangMinh_project1lablesson07\\hqm-lesson07-db1\\vendor\\laravel\\framework\\src\\Illuminate\\Foundation\\Http\\Middleware\\ConvertEmptyStringsToNull.php(31): Illuminate\\Foundation\\Http\\Middleware\\TransformsRequest->handle(Object(Illuminate\\Http\\Request), Object(Closure))
#32 C:\\Project1\\K23cnt3HaQuangMinh_project1lablesson07\\hqm-lesson07-db1\\vendor\\laravel\\framework\\src\\Illuminate\\Pipeline\\Pipeline.php(183): Illuminate\\Foundation\\Http\\Middleware\\ConvertEmptyStringsToNull->handle(Object(Illuminate\\Http\\Request), Object(Closure))
#33 C:\\Project1\\K23cnt3HaQuangMinh_project1lablesson07\\hqm-lesson07-db1\\vendor\\laravel\\framework\\src\\Illuminate\\Foundation\\Http\\Middleware\\TransformsRequest.php(21): Illuminate\\Pipeline\\Pipeline->Illuminate\\Pipeline\\{closure}(Object(Illuminate\\Http\\Request))
#34 C:\\Project1\\K23cnt3HaQuangMinh_project1lablesson07\\hqm-lesson07-db1\\vendor\\laravel\\framework\\src\\Illuminate\\Foundation\\Http\\Middleware\\TrimStrings.php(40): Illuminate\\Foundation\\Http\\Middleware\\TransformsRequest->handle(Object(Illuminate\\Http\\Request), Object(Closure))
#35 C:\\Project1\\K23cnt3HaQuangMinh_project1lablesson07\\hqm-lesson07-db1\\vendor\\laravel\\framework\\src\\Illuminate\\Pipeline\\Pipeline.php(183): Illuminate\\Foundation\\Http\\Middleware\\TrimStrings->handle(Object(Illuminate\\Http\\Request), Object(Closure))
#36 C:\\Project1\\K23cnt3HaQuangMinh_project1lablesson07\\hqm-lesson07-db1\\vendor\\laravel\\framework\\src\\Illuminate\\Foundation\\Http\\Middleware\\ValidatePostSize.php(27): Illuminate\\Pipeline\\Pipeline->Illuminate\\Pipeline\\{closure}(Object(Illuminate\\Http\\Request))
#37 C:\\Project1\\K23cnt3HaQuangMinh_project1lablesson07\\hqm-lesson07-db1\\vendor\\laravel\\framework\\src\\Illuminate\\Pipeline\\Pipeline.php(183): Illuminate\\Foundation\\Http\\Middleware\\ValidatePostSize->handle(Object(Illuminate\\Http\\Request), Object(Closure))
#38 C:\\Project1\\K23cnt3HaQuangMinh_project1lablesson07\\hqm-lesson07-db1\\vendor\\laravel\\framework\\src\\Illuminate\\Foundation\\Http\\Middleware\\PreventRequestsDuringMaintenance.php(99): Illuminate\\Pipeline\\Pipeline->Illuminate\\Pipeline\\{closure}(Object(Illuminate\\Http\\Request))
#39 C:\\Project1\\K23cnt3HaQuangMinh_project1lablesson07\\hqm-lesson07-db1\\vendor\\laravel\\framework\\src\\Illuminate\\Pipeline\\Pipeline.php(183): Illuminate\\Foundation\\Http\\Middleware\\PreventRequestsDuringMaintenance->handle(Object(Illuminate\\Http\\Request), Object(Closure))
#40 C:\\Project1\\K23cnt3HaQuangMinh_project1lablesson07\\hqm-lesson07-db1\\vendor\\laravel\\framework\\src\\Illuminate\\Http\\Middleware\\HandleCors.php(49): Illuminate\\Pipeline\\Pipeline->Illuminate\\Pipeline\\{closure}(Object(Illuminate\\Http\\Request))
#41 C:\\Project1\\K23cnt3HaQuangMinh_project1lablesson07\\hqm-lesson07-db1\\vendor\\laravel\\framework\\src\\Illuminate\\Pipeline\\Pipeline.php(183): Illuminate\\Http\\Middleware\\HandleCors->handle(Object(Illuminate\\Http\\Request), Object(Closure))
#42 C:\\Project1\\K23cnt3HaQuangMinh_project1lablesson07\\hqm-lesson07-db1\\vendor\\laravel\\framework\\src\\Illuminate\\Http\\Middleware\\TrustProxies.php(39): Illuminate\\Pipeline\\Pipeline->Illuminate\\Pipeline\\{closure}(Object(Illuminate\\Http\\Request))
#43 C:\\Project1\\K23cnt3HaQuangMinh_project1lablesson07\\hqm-lesson07-db1\\vendor\\laravel\\framework\\src\\Illuminate\\Pipeline\\Pipeline.php(183): Illuminate\\Http\\Middleware\\TrustProxies->handle(Object(Illuminate\\Http\\Request), Object(Closure))
#44 C:\\Project1\\K23cnt3HaQuangMinh_project1lablesson07\\hqm-lesson07-db1\\vendor\\laravel\\framework\\src\\Illuminate\\Pipeline\\Pipeline.php(119): Illuminate\\Pipeline\\Pipeline->Illuminate\\Pipeline\\{closure}(Object(Illuminate\\Http\\Request))
#45 C:\\Project1\\K23cnt3HaQuangMinh_project1lablesson07\\hqm-lesson07-db1\\vendor\\laravel\\framework\\src\\Illuminate\\Foundation\\Http\\Kernel.php(175): Illuminate\\Pipeline\\Pipeline->then(Object(Closure))
#46 C:\\Project1\\K23cnt3HaQuangMinh_project1lablesson07\\hqm-lesson07-db1\\vendor\\laravel\\framework\\src\\Illuminate\\Foundation\\Http\\Kernel.php(144): Illuminate\\Foundation\\Http\\Kernel->sendRequestThroughRouter(Object(Illuminate\\Http\\Request))
#47 C:\\Project1\\K23cnt3HaQuangMinh_project1lablesson07\\hqm-lesson07-db1\\public\\index.php(51): Illuminate\\Foundation\\Http\\Kernel->handle(Object(Illuminate\\Http\\Request))
#48 C:\\Project1\\K23cnt3HaQuangMinh_project1lablesson07\\hqm-lesson07-db1\\vendor\\laravel\\framework\\src\\Illuminate\\Foundation\\resources\\server.php(16): require_once('C:\\\\Project1\\\\K23...')
#49 {main}
"} 
